08:59:41.034 [restartedMain] INFO  c.r.RuoYiApplication - [logStarting,50] - Starting RuoYiApplication on chenyadeMacBook-Pro.local with PID 17101 (/Users/macbookpro/soft/实习/recording_back/ruoyi-admin/target/classes started by macbookpro in /Users/macbookpro/soft/实习/recording_back)
08:59:41.047 [restartedMain] INFO  c.r.RuoYiApplication - [logStartupProfileInfo,652] - The following profiles are active: druid
08:59:45.030 [restartedMain] INFO  o.a.c.h.Http11NioProtocol - [log,173] - Initializing ProtocolHandler ["http-nio-8090"]
08:59:45.043 [restartedMain] INFO  o.a.c.c.StandardService - [log,173] - Starting service [Tomcat]
08:59:45.043 [restartedMain] INFO  o.a.c.c.StandardEngine - [log,173] - Starting Servlet engine: [Apache Tomcat/9.0.39]
08:59:45.145 [restartedMain] INFO  o.a.c.c.C.[.[.[/] - [log,173] - Initializing Spring embedded WebApplicationContext
08:59:47.072 [restartedMain] INFO  c.a.d.p.DruidDataSource - [init,985] - {dataSource-1} inited
08:59:48.538 [restartedMain] INFO  s.d.s.w.PropertySourcedRequestMappingHandlerMapping - [initHandlerMethods,69] - Mapped URL path [/v2/api-docs] onto method [public org.springframework.http.ResponseEntity<springfox.documentation.spring.web.json.Json> springfox.documentation.swagger2.web.Swagger2Controller.getDocumentation(java.lang.String,javax.servlet.http.HttpServletRequest)]
08:59:49.653 [restartedMain] INFO  s.d.s.w.p.DocumentationPluginsBootstrapper - [start,160] - Context refreshed
08:59:49.672 [restartedMain] INFO  s.d.s.w.p.DocumentationPluginsBootstrapper - [start,163] - Found 1 custom documentation plugin(s)
08:59:49.723 [restartedMain] INFO  s.d.s.w.s.ApiListingReferenceScanner - [scan,41] - Scanning for api listing references
08:59:49.868 [restartedMain] INFO  o.a.c.h.Http11NioProtocol - [log,173] - Starting ProtocolHandler ["http-nio-8090"]
08:59:49.908 [restartedMain] INFO  c.r.RuoYiApplication - [logStarted,59] - Started RuoYiApplication in 9.53 seconds (JVM running for 10.983)
08:59:52.187 [http-nio-8090-exec-1] INFO  o.a.c.c.C.[.[.[/] - [log,173] - Initializing Spring DispatcherServlet 'dispatcherServlet'
08:59:52.555 [http-nio-8090-exec-1] INFO  c.r.c.u.ConcurrentHashMapCacheUtils - [setCache,62] - have set key :login_tokens:d3715cb4-1f07-4966-92c8-035738e85506
08:59:52.565 [schedule-pool-1] INFO  sys-user - [run,54] - [127.0.0.1]内网IP[admin][Success][登录成功]
08:59:52.678 [Thread-32] INFO  c.r.c.u.ConcurrentHashMapCacheUtils - [deleteTimeOut,139] - delete time out run!
08:59:52.678 [Thread-32] INFO  c.r.c.u.ConcurrentHashMapCacheUtils - [deleteTimeOut,149] - delete cache count is :0
09:00:52.681 [Thread-32] INFO  c.r.c.u.ConcurrentHashMapCacheUtils - [deleteTimeOut,139] - delete time out run!
09:00:52.682 [Thread-32] INFO  c.r.c.u.ConcurrentHashMapCacheUtils - [deleteTimeOut,149] - delete cache count is :0
09:01:52.685 [Thread-32] INFO  c.r.c.u.ConcurrentHashMapCacheUtils - [deleteTimeOut,139] - delete time out run!
09:01:52.685 [Thread-32] INFO  c.r.c.u.ConcurrentHashMapCacheUtils - [deleteTimeOut,149] - delete cache count is :0
09:02:52.687 [Thread-32] INFO  c.r.c.u.ConcurrentHashMapCacheUtils - [deleteTimeOut,139] - delete time out run!
09:02:52.687 [Thread-32] INFO  c.r.c.u.ConcurrentHashMapCacheUtils - [deleteTimeOut,149] - delete cache count is :0
09:03:52.689 [Thread-32] INFO  c.r.c.u.ConcurrentHashMapCacheUtils - [deleteTimeOut,139] - delete time out run!
09:03:52.689 [Thread-32] INFO  c.r.c.u.ConcurrentHashMapCacheUtils - [deleteTimeOut,149] - delete cache count is :0
09:04:52.692 [Thread-32] INFO  c.r.c.u.ConcurrentHashMapCacheUtils - [deleteTimeOut,139] - delete time out run!
09:04:52.692 [Thread-32] INFO  c.r.c.u.ConcurrentHashMapCacheUtils - [deleteTimeOut,149] - delete cache count is :0
09:05:52.697 [Thread-32] INFO  c.r.c.u.ConcurrentHashMapCacheUtils - [deleteTimeOut,139] - delete time out run!
09:05:52.697 [Thread-32] INFO  c.r.c.u.ConcurrentHashMapCacheUtils - [deleteTimeOut,149] - delete cache count is :0
09:06:52.702 [Thread-32] INFO  c.r.c.u.ConcurrentHashMapCacheUtils - [deleteTimeOut,139] - delete time out run!
09:06:52.702 [Thread-32] INFO  c.r.c.u.ConcurrentHashMapCacheUtils - [deleteTimeOut,149] - delete cache count is :0
09:07:52.706 [Thread-32] INFO  c.r.c.u.ConcurrentHashMapCacheUtils - [deleteTimeOut,139] - delete time out run!
09:07:52.707 [Thread-32] INFO  c.r.c.u.ConcurrentHashMapCacheUtils - [deleteTimeOut,149] - delete cache count is :0
09:08:52.710 [Thread-32] INFO  c.r.c.u.ConcurrentHashMapCacheUtils - [deleteTimeOut,139] - delete time out run!
09:08:52.711 [Thread-32] INFO  c.r.c.u.ConcurrentHashMapCacheUtils - [deleteTimeOut,149] - delete cache count is :0
09:09:52.716 [Thread-32] INFO  c.r.c.u.ConcurrentHashMapCacheUtils - [deleteTimeOut,139] - delete time out run!
09:09:52.717 [Thread-32] INFO  c.r.c.u.ConcurrentHashMapCacheUtils - [deleteTimeOut,149] - delete cache count is :0
09:10:52.721 [Thread-32] INFO  c.r.c.u.ConcurrentHashMapCacheUtils - [deleteTimeOut,139] - delete time out run!
09:10:52.722 [Thread-32] INFO  c.r.c.u.ConcurrentHashMapCacheUtils - [deleteTimeOut,149] - delete cache count is :0
09:11:52.723 [Thread-32] INFO  c.r.c.u.ConcurrentHashMapCacheUtils - [deleteTimeOut,139] - delete time out run!
09:11:52.724 [Thread-32] INFO  c.r.c.u.ConcurrentHashMapCacheUtils - [deleteTimeOut,149] - delete cache count is :0
09:12:52.725 [Thread-32] INFO  c.r.c.u.ConcurrentHashMapCacheUtils - [deleteTimeOut,139] - delete time out run!
09:12:52.726 [Thread-32] INFO  c.r.c.u.ConcurrentHashMapCacheUtils - [deleteTimeOut,149] - delete cache count is :0
09:13:52.730 [Thread-32] INFO  c.r.c.u.ConcurrentHashMapCacheUtils - [deleteTimeOut,139] - delete time out run!
09:13:52.730 [Thread-32] INFO  c.r.c.u.ConcurrentHashMapCacheUtils - [deleteTimeOut,149] - delete cache count is :0
09:14:52.731 [Thread-32] INFO  c.r.c.u.ConcurrentHashMapCacheUtils - [deleteTimeOut,139] - delete time out run!
09:14:52.732 [Thread-32] INFO  c.r.c.u.ConcurrentHashMapCacheUtils - [deleteTimeOut,149] - delete cache count is :0
09:15:52.732 [Thread-32] INFO  c.r.c.u.ConcurrentHashMapCacheUtils - [deleteTimeOut,139] - delete time out run!
09:15:52.733 [Thread-32] INFO  c.r.c.u.ConcurrentHashMapCacheUtils - [deleteTimeOut,149] - delete cache count is :0
09:16:52.742 [Thread-32] INFO  c.r.c.u.ConcurrentHashMapCacheUtils - [deleteTimeOut,139] - delete time out run!
09:16:52.744 [Thread-32] INFO  c.r.c.u.ConcurrentHashMapCacheUtils - [deleteTimeOut,149] - delete cache count is :0
09:17:52.748 [Thread-32] INFO  c.r.c.u.ConcurrentHashMapCacheUtils - [deleteTimeOut,139] - delete time out run!
09:17:52.748 [Thread-32] INFO  c.r.c.u.ConcurrentHashMapCacheUtils - [deleteTimeOut,149] - delete cache count is :0
09:18:52.753 [Thread-32] INFO  c.r.c.u.ConcurrentHashMapCacheUtils - [deleteTimeOut,139] - delete time out run!
09:18:52.754 [Thread-32] INFO  c.r.c.u.ConcurrentHashMapCacheUtils - [deleteTimeOut,149] - delete cache count is :0
09:19:32.888 [Thread-21] INFO  sys-user - [shutdownAsyncManager,31] - ====关闭后台任务任务线程池====
09:19:32.891 [Thread-21] INFO  c.a.d.p.DruidDataSource - [close,2032] - {dataSource-1} closing ...
09:19:32.894 [Thread-21] INFO  c.a.d.p.DruidDataSource - [close,2104] - {dataSource-1} closed
09:21:04.019 [restartedMain] INFO  c.r.RuoYiApplication - [logStarting,50] - Starting RuoYiApplication on chenyadeMacBook-Pro.local with PID 17101 (/Users/macbookpro/soft/实习/recording_back/ruoyi-admin/target/classes started by macbookpro in /Users/macbookpro/soft/实习/recording_back)
09:21:04.020 [restartedMain] INFO  c.r.RuoYiApplication - [logStartupProfileInfo,652] - The following profiles are active: druid
09:21:05.507 [restartedMain] INFO  o.a.c.c.StandardService - [log,173] - Starting service [Tomcat]
09:21:05.507 [restartedMain] INFO  o.a.c.c.StandardEngine - [log,173] - Starting Servlet engine: [Apache Tomcat/9.0.39]
09:21:05.519 [restartedMain] INFO  o.a.c.c.C.[.[.[/] - [log,173] - Initializing Spring embedded WebApplicationContext
09:21:06.742 [restartedMain] INFO  c.a.d.p.DruidDataSource - [init,985] - {dataSource-2} inited
09:21:07.566 [restartedMain] INFO  s.d.s.w.PropertySourcedRequestMappingHandlerMapping - [initHandlerMethods,69] - Mapped URL path [/v2/api-docs] onto method [public org.springframework.http.ResponseEntity<springfox.documentation.spring.web.json.Json> springfox.documentation.swagger2.web.Swagger2Controller.getDocumentation(java.lang.String,javax.servlet.http.HttpServletRequest)]
09:21:08.158 [restartedMain] INFO  s.d.s.w.p.DocumentationPluginsBootstrapper - [start,160] - Context refreshed
09:21:08.160 [restartedMain] INFO  s.d.s.w.p.DocumentationPluginsBootstrapper - [start,163] - Found 1 custom documentation plugin(s)
09:21:08.175 [restartedMain] INFO  s.d.s.w.s.ApiListingReferenceScanner - [scan,41] - Scanning for api listing references
09:21:08.208 [restartedMain] INFO  c.r.RuoYiApplication - [logStarted,59] - Started RuoYiApplication in 4.261 seconds (JVM running for 1289.283)
09:21:52.764 [Thread-32] INFO  c.r.c.u.ConcurrentHashMapCacheUtils - [deleteTimeOut,139] - delete time out run!
09:21:52.766 [Thread-32] INFO  c.r.c.u.ConcurrentHashMapCacheUtils - [deleteTimeOut,149] - delete cache count is :0
09:22:52.769 [Thread-32] INFO  c.r.c.u.ConcurrentHashMapCacheUtils - [deleteTimeOut,139] - delete time out run!
09:22:52.772 [Thread-32] INFO  c.r.c.u.ConcurrentHashMapCacheUtils - [deleteTimeOut,149] - delete cache count is :0
09:23:52.773 [Thread-32] INFO  c.r.c.u.ConcurrentHashMapCacheUtils - [deleteTimeOut,139] - delete time out run!
09:23:52.773 [Thread-32] INFO  c.r.c.u.ConcurrentHashMapCacheUtils - [deleteTimeOut,149] - delete cache count is :0
09:24:52.777 [Thread-32] INFO  c.r.c.u.ConcurrentHashMapCacheUtils - [deleteTimeOut,139] - delete time out run!
09:24:52.777 [Thread-32] INFO  c.r.c.u.ConcurrentHashMapCacheUtils - [deleteTimeOut,149] - delete cache count is :0
09:25:52.781 [Thread-32] INFO  c.r.c.u.ConcurrentHashMapCacheUtils - [deleteTimeOut,139] - delete time out run!
09:25:52.781 [Thread-32] INFO  c.r.c.u.ConcurrentHashMapCacheUtils - [deleteTimeOut,149] - delete cache count is :0
09:26:52.783 [Thread-32] INFO  c.r.c.u.ConcurrentHashMapCacheUtils - [deleteTimeOut,139] - delete time out run!
09:26:52.783 [Thread-32] INFO  c.r.c.u.ConcurrentHashMapCacheUtils - [deleteTimeOut,149] - delete cache count is :0
09:27:06.136 [http-nio-8090-exec-1] INFO  o.a.c.c.C.[.[.[/] - [log,173] - Initializing Spring DispatcherServlet 'dispatcherServlet'
09:27:06.192 [Thread-45] INFO  c.r.c.u.ConcurrentHashMapCacheUtils - [deleteTimeOut,139] - delete time out run!
09:27:06.193 [Thread-45] INFO  c.r.c.u.ConcurrentHashMapCacheUtils - [deleteTimeOut,149] - delete cache count is :0
09:27:08.956 [http-nio-8090-exec-3] INFO  c.r.c.u.ConcurrentHashMapCacheUtils - [setCache,62] - have set key :login_tokens:ebfdb9cd-d928-41ca-960d-4f701510bab5
09:27:08.965 [schedule-pool-1] INFO  sys-user - [run,54] - [127.0.0.1]内网IP[admin][Success][登录成功]
09:27:52.784 [Thread-32] INFO  c.r.c.u.ConcurrentHashMapCacheUtils - [deleteTimeOut,139] - delete time out run!
09:27:52.785 [Thread-32] INFO  c.r.c.u.ConcurrentHashMapCacheUtils - [deleteTimeOut,149] - delete cache count is :0
09:28:06.194 [Thread-45] INFO  c.r.c.u.ConcurrentHashMapCacheUtils - [deleteTimeOut,139] - delete time out run!
09:28:06.194 [Thread-45] INFO  c.r.c.u.ConcurrentHashMapCacheUtils - [deleteTimeOut,149] - delete cache count is :0
09:28:52.790 [Thread-32] INFO  c.r.c.u.ConcurrentHashMapCacheUtils - [deleteTimeOut,139] - delete time out run!
09:28:52.790 [Thread-32] INFO  c.r.c.u.ConcurrentHashMapCacheUtils - [deleteTimeOut,149] - delete cache count is :0
09:29:06.199 [Thread-45] INFO  c.r.c.u.ConcurrentHashMapCacheUtils - [deleteTimeOut,139] - delete time out run!
09:29:06.199 [Thread-45] INFO  c.r.c.u.ConcurrentHashMapCacheUtils - [deleteTimeOut,149] - delete cache count is :0
09:29:52.792 [Thread-32] INFO  c.r.c.u.ConcurrentHashMapCacheUtils - [deleteTimeOut,139] - delete time out run!
09:29:52.793 [Thread-32] INFO  c.r.c.u.ConcurrentHashMapCacheUtils - [deleteCache,98] - have delete key :login_tokens:d3715cb4-1f07-4966-92c8-035738e85506
09:29:52.793 [Thread-32] INFO  c.r.c.u.ConcurrentHashMapCacheUtils - [deleteTimeOut,149] - delete cache count is :1
09:30:06.203 [Thread-45] INFO  c.r.c.u.ConcurrentHashMapCacheUtils - [deleteTimeOut,139] - delete time out run!
09:30:06.204 [Thread-45] INFO  c.r.c.u.ConcurrentHashMapCacheUtils - [deleteTimeOut,149] - delete cache count is :0
09:30:52.798 [Thread-32] INFO  c.r.c.u.ConcurrentHashMapCacheUtils - [deleteTimeOut,139] - delete time out run!
09:30:52.798 [Thread-32] INFO  c.r.c.u.ConcurrentHashMapCacheUtils - [deleteTimeOut,149] - delete cache count is :0
09:31:06.208 [Thread-45] INFO  c.r.c.u.ConcurrentHashMapCacheUtils - [deleteTimeOut,139] - delete time out run!
09:31:06.209 [Thread-45] INFO  c.r.c.u.ConcurrentHashMapCacheUtils - [deleteTimeOut,149] - delete cache count is :0
09:31:52.800 [Thread-32] INFO  c.r.c.u.ConcurrentHashMapCacheUtils - [deleteTimeOut,139] - delete time out run!
09:31:52.801 [Thread-32] INFO  c.r.c.u.ConcurrentHashMapCacheUtils - [deleteTimeOut,149] - delete cache count is :0
09:32:06.210 [Thread-45] INFO  c.r.c.u.ConcurrentHashMapCacheUtils - [deleteTimeOut,139] - delete time out run!
09:32:06.211 [Thread-45] INFO  c.r.c.u.ConcurrentHashMapCacheUtils - [deleteTimeOut,149] - delete cache count is :0
09:32:52.806 [Thread-32] INFO  c.r.c.u.ConcurrentHashMapCacheUtils - [deleteTimeOut,139] - delete time out run!
09:32:52.808 [Thread-32] INFO  c.r.c.u.ConcurrentHashMapCacheUtils - [deleteTimeOut,149] - delete cache count is :0
09:33:06.217 [Thread-45] INFO  c.r.c.u.ConcurrentHashMapCacheUtils - [deleteTimeOut,139] - delete time out run!
09:33:06.218 [Thread-45] INFO  c.r.c.u.ConcurrentHashMapCacheUtils - [deleteTimeOut,149] - delete cache count is :0
09:33:52.809 [Thread-32] INFO  c.r.c.u.ConcurrentHashMapCacheUtils - [deleteTimeOut,139] - delete time out run!
09:33:52.810 [Thread-32] INFO  c.r.c.u.ConcurrentHashMapCacheUtils - [deleteTimeOut,149] - delete cache count is :0
09:34:06.222 [Thread-45] INFO  c.r.c.u.ConcurrentHashMapCacheUtils - [deleteTimeOut,139] - delete time out run!
09:34:06.222 [Thread-45] INFO  c.r.c.u.ConcurrentHashMapCacheUtils - [deleteTimeOut,149] - delete cache count is :0
09:34:52.814 [Thread-32] INFO  c.r.c.u.ConcurrentHashMapCacheUtils - [deleteTimeOut,139] - delete time out run!
09:34:52.815 [Thread-32] INFO  c.r.c.u.ConcurrentHashMapCacheUtils - [deleteTimeOut,149] - delete cache count is :0
09:35:06.226 [Thread-45] INFO  c.r.c.u.ConcurrentHashMapCacheUtils - [deleteTimeOut,139] - delete time out run!
09:35:06.227 [Thread-45] INFO  c.r.c.u.ConcurrentHashMapCacheUtils - [deleteTimeOut,149] - delete cache count is :0
09:35:52.820 [Thread-32] INFO  c.r.c.u.ConcurrentHashMapCacheUtils - [deleteTimeOut,139] - delete time out run!
09:35:52.821 [Thread-32] INFO  c.r.c.u.ConcurrentHashMapCacheUtils - [deleteTimeOut,149] - delete cache count is :0
09:36:06.229 [Thread-45] INFO  c.r.c.u.ConcurrentHashMapCacheUtils - [deleteTimeOut,139] - delete time out run!
09:36:06.229 [Thread-45] INFO  c.r.c.u.ConcurrentHashMapCacheUtils - [deleteTimeOut,149] - delete cache count is :0
09:36:52.825 [Thread-32] INFO  c.r.c.u.ConcurrentHashMapCacheUtils - [deleteTimeOut,139] - delete time out run!
09:36:52.825 [Thread-32] INFO  c.r.c.u.ConcurrentHashMapCacheUtils - [deleteTimeOut,149] - delete cache count is :0
09:37:06.233 [Thread-45] INFO  c.r.c.u.ConcurrentHashMapCacheUtils - [deleteTimeOut,139] - delete time out run!
09:37:06.233 [Thread-45] INFO  c.r.c.u.ConcurrentHashMapCacheUtils - [deleteTimeOut,149] - delete cache count is :0
09:37:52.829 [Thread-32] INFO  c.r.c.u.ConcurrentHashMapCacheUtils - [deleteTimeOut,139] - delete time out run!
09:37:52.830 [Thread-32] INFO  c.r.c.u.ConcurrentHashMapCacheUtils - [deleteTimeOut,149] - delete cache count is :0
09:38:06.238 [Thread-45] INFO  c.r.c.u.ConcurrentHashMapCacheUtils - [deleteTimeOut,139] - delete time out run!
09:38:06.238 [Thread-45] INFO  c.r.c.u.ConcurrentHashMapCacheUtils - [deleteTimeOut,149] - delete cache count is :0
09:38:52.834 [Thread-32] INFO  c.r.c.u.ConcurrentHashMapCacheUtils - [deleteTimeOut,139] - delete time out run!
09:38:52.835 [Thread-32] INFO  c.r.c.u.ConcurrentHashMapCacheUtils - [deleteTimeOut,149] - delete cache count is :0
09:39:06.241 [Thread-45] INFO  c.r.c.u.ConcurrentHashMapCacheUtils - [deleteTimeOut,139] - delete time out run!
09:39:06.241 [Thread-45] INFO  c.r.c.u.ConcurrentHashMapCacheUtils - [deleteTimeOut,149] - delete cache count is :0
09:39:52.839 [Thread-32] INFO  c.r.c.u.ConcurrentHashMapCacheUtils - [deleteTimeOut,139] - delete time out run!
09:39:52.840 [Thread-32] INFO  c.r.c.u.ConcurrentHashMapCacheUtils - [deleteTimeOut,149] - delete cache count is :0
09:40:06.243 [Thread-45] INFO  c.r.c.u.ConcurrentHashMapCacheUtils - [deleteTimeOut,139] - delete time out run!
09:40:06.244 [Thread-45] INFO  c.r.c.u.ConcurrentHashMapCacheUtils - [deleteTimeOut,149] - delete cache count is :0
09:40:52.840 [Thread-32] INFO  c.r.c.u.ConcurrentHashMapCacheUtils - [deleteTimeOut,139] - delete time out run!
09:40:52.840 [Thread-32] INFO  c.r.c.u.ConcurrentHashMapCacheUtils - [deleteTimeOut,149] - delete cache count is :0
09:41:06.248 [Thread-45] INFO  c.r.c.u.ConcurrentHashMapCacheUtils - [deleteTimeOut,139] - delete time out run!
09:41:06.249 [Thread-45] INFO  c.r.c.u.ConcurrentHashMapCacheUtils - [deleteTimeOut,149] - delete cache count is :0
09:41:52.845 [Thread-32] INFO  c.r.c.u.ConcurrentHashMapCacheUtils - [deleteTimeOut,139] - delete time out run!
09:41:52.845 [Thread-32] INFO  c.r.c.u.ConcurrentHashMapCacheUtils - [deleteTimeOut,149] - delete cache count is :0
09:42:06.252 [Thread-45] INFO  c.r.c.u.ConcurrentHashMapCacheUtils - [deleteTimeOut,139] - delete time out run!
09:42:06.252 [Thread-45] INFO  c.r.c.u.ConcurrentHashMapCacheUtils - [deleteTimeOut,149] - delete cache count is :0
09:42:52.851 [Thread-32] INFO  c.r.c.u.ConcurrentHashMapCacheUtils - [deleteTimeOut,139] - delete time out run!
09:42:52.852 [Thread-32] INFO  c.r.c.u.ConcurrentHashMapCacheUtils - [deleteTimeOut,149] - delete cache count is :0
09:43:06.257 [Thread-45] INFO  c.r.c.u.ConcurrentHashMapCacheUtils - [deleteTimeOut,139] - delete time out run!
09:43:06.257 [Thread-45] INFO  c.r.c.u.ConcurrentHashMapCacheUtils - [deleteTimeOut,149] - delete cache count is :0
09:43:52.854 [Thread-32] INFO  c.r.c.u.ConcurrentHashMapCacheUtils - [deleteTimeOut,139] - delete time out run!
09:43:52.854 [Thread-32] INFO  c.r.c.u.ConcurrentHashMapCacheUtils - [deleteTimeOut,149] - delete cache count is :0
09:44:06.259 [Thread-45] INFO  c.r.c.u.ConcurrentHashMapCacheUtils - [deleteTimeOut,139] - delete time out run!
09:44:06.260 [Thread-45] INFO  c.r.c.u.ConcurrentHashMapCacheUtils - [deleteTimeOut,149] - delete cache count is :0
09:44:52.859 [Thread-32] INFO  c.r.c.u.ConcurrentHashMapCacheUtils - [deleteTimeOut,139] - delete time out run!
09:44:52.859 [Thread-32] INFO  c.r.c.u.ConcurrentHashMapCacheUtils - [deleteTimeOut,149] - delete cache count is :0
09:45:06.264 [Thread-45] INFO  c.r.c.u.ConcurrentHashMapCacheUtils - [deleteTimeOut,139] - delete time out run!
09:45:06.264 [Thread-45] INFO  c.r.c.u.ConcurrentHashMapCacheUtils - [deleteTimeOut,149] - delete cache count is :0
09:45:52.862 [Thread-32] INFO  c.r.c.u.ConcurrentHashMapCacheUtils - [deleteTimeOut,139] - delete time out run!
09:45:52.863 [Thread-32] INFO  c.r.c.u.ConcurrentHashMapCacheUtils - [deleteTimeOut,149] - delete cache count is :0
09:46:06.266 [Thread-45] INFO  c.r.c.u.ConcurrentHashMapCacheUtils - [deleteTimeOut,139] - delete time out run!
09:46:06.267 [Thread-45] INFO  c.r.c.u.ConcurrentHashMapCacheUtils - [deleteTimeOut,149] - delete cache count is :0
09:46:52.865 [Thread-32] INFO  c.r.c.u.ConcurrentHashMapCacheUtils - [deleteTimeOut,139] - delete time out run!
09:46:52.865 [Thread-32] INFO  c.r.c.u.ConcurrentHashMapCacheUtils - [deleteTimeOut,149] - delete cache count is :0
09:47:06.271 [Thread-45] INFO  c.r.c.u.ConcurrentHashMapCacheUtils - [deleteTimeOut,139] - delete time out run!
09:47:06.271 [Thread-45] INFO  c.r.c.u.ConcurrentHashMapCacheUtils - [deleteTimeOut,149] - delete cache count is :0
09:47:52.870 [Thread-32] INFO  c.r.c.u.ConcurrentHashMapCacheUtils - [deleteTimeOut,139] - delete time out run!
09:47:52.870 [Thread-32] INFO  c.r.c.u.ConcurrentHashMapCacheUtils - [deleteTimeOut,149] - delete cache count is :0
09:48:06.275 [Thread-45] INFO  c.r.c.u.ConcurrentHashMapCacheUtils - [deleteTimeOut,139] - delete time out run!
09:48:06.275 [Thread-45] INFO  c.r.c.u.ConcurrentHashMapCacheUtils - [deleteTimeOut,149] - delete cache count is :0
09:48:52.874 [Thread-32] INFO  c.r.c.u.ConcurrentHashMapCacheUtils - [deleteTimeOut,139] - delete time out run!
09:48:52.875 [Thread-32] INFO  c.r.c.u.ConcurrentHashMapCacheUtils - [deleteTimeOut,149] - delete cache count is :0
09:49:06.278 [Thread-45] INFO  c.r.c.u.ConcurrentHashMapCacheUtils - [deleteTimeOut,139] - delete time out run!
09:49:06.279 [Thread-45] INFO  c.r.c.u.ConcurrentHashMapCacheUtils - [deleteTimeOut,149] - delete cache count is :0
09:49:52.878 [Thread-32] INFO  c.r.c.u.ConcurrentHashMapCacheUtils - [deleteTimeOut,139] - delete time out run!
09:49:52.879 [Thread-32] INFO  c.r.c.u.ConcurrentHashMapCacheUtils - [deleteTimeOut,149] - delete cache count is :0
09:50:06.280 [Thread-45] INFO  c.r.c.u.ConcurrentHashMapCacheUtils - [deleteTimeOut,139] - delete time out run!
09:50:06.281 [Thread-45] INFO  c.r.c.u.ConcurrentHashMapCacheUtils - [deleteTimeOut,149] - delete cache count is :0
09:50:52.881 [Thread-32] INFO  c.r.c.u.ConcurrentHashMapCacheUtils - [deleteTimeOut,139] - delete time out run!
09:50:52.882 [Thread-32] INFO  c.r.c.u.ConcurrentHashMapCacheUtils - [deleteTimeOut,149] - delete cache count is :0
09:51:06.285 [Thread-45] INFO  c.r.c.u.ConcurrentHashMapCacheUtils - [deleteTimeOut,139] - delete time out run!
09:51:06.285 [Thread-45] INFO  c.r.c.u.ConcurrentHashMapCacheUtils - [deleteTimeOut,149] - delete cache count is :0
09:51:52.886 [Thread-32] INFO  c.r.c.u.ConcurrentHashMapCacheUtils - [deleteTimeOut,139] - delete time out run!
09:51:52.887 [Thread-32] INFO  c.r.c.u.ConcurrentHashMapCacheUtils - [deleteTimeOut,149] - delete cache count is :0
09:52:06.290 [Thread-45] INFO  c.r.c.u.ConcurrentHashMapCacheUtils - [deleteTimeOut,139] - delete time out run!
09:52:06.290 [Thread-45] INFO  c.r.c.u.ConcurrentHashMapCacheUtils - [deleteTimeOut,149] - delete cache count is :0
09:52:52.889 [Thread-32] INFO  c.r.c.u.ConcurrentHashMapCacheUtils - [deleteTimeOut,139] - delete time out run!
09:52:52.890 [Thread-32] INFO  c.r.c.u.ConcurrentHashMapCacheUtils - [deleteTimeOut,149] - delete cache count is :0
09:53:06.292 [Thread-45] INFO  c.r.c.u.ConcurrentHashMapCacheUtils - [deleteTimeOut,139] - delete time out run!
09:53:06.292 [Thread-45] INFO  c.r.c.u.ConcurrentHashMapCacheUtils - [deleteTimeOut,149] - delete cache count is :0
09:53:52.894 [Thread-32] INFO  c.r.c.u.ConcurrentHashMapCacheUtils - [deleteTimeOut,139] - delete time out run!
09:53:52.894 [Thread-32] INFO  c.r.c.u.ConcurrentHashMapCacheUtils - [deleteTimeOut,149] - delete cache count is :0
09:54:06.296 [Thread-45] INFO  c.r.c.u.ConcurrentHashMapCacheUtils - [deleteTimeOut,139] - delete time out run!
09:54:06.297 [Thread-45] INFO  c.r.c.u.ConcurrentHashMapCacheUtils - [deleteTimeOut,149] - delete cache count is :0
09:54:52.898 [Thread-32] INFO  c.r.c.u.ConcurrentHashMapCacheUtils - [deleteTimeOut,139] - delete time out run!
09:54:52.899 [Thread-32] INFO  c.r.c.u.ConcurrentHashMapCacheUtils - [deleteTimeOut,149] - delete cache count is :0
09:55:06.301 [Thread-45] INFO  c.r.c.u.ConcurrentHashMapCacheUtils - [deleteTimeOut,139] - delete time out run!
09:55:06.302 [Thread-45] INFO  c.r.c.u.ConcurrentHashMapCacheUtils - [deleteTimeOut,149] - delete cache count is :0
09:55:52.901 [Thread-32] INFO  c.r.c.u.ConcurrentHashMapCacheUtils - [deleteTimeOut,139] - delete time out run!
09:55:52.901 [Thread-32] INFO  c.r.c.u.ConcurrentHashMapCacheUtils - [deleteTimeOut,149] - delete cache count is :0
09:56:06.303 [Thread-45] INFO  c.r.c.u.ConcurrentHashMapCacheUtils - [deleteTimeOut,139] - delete time out run!
09:56:06.304 [Thread-45] INFO  c.r.c.u.ConcurrentHashMapCacheUtils - [deleteTimeOut,149] - delete cache count is :0
09:56:52.905 [Thread-32] INFO  c.r.c.u.ConcurrentHashMapCacheUtils - [deleteTimeOut,139] - delete time out run!
09:56:52.906 [Thread-32] INFO  c.r.c.u.ConcurrentHashMapCacheUtils - [deleteTimeOut,149] - delete cache count is :0
09:57:06.309 [Thread-45] INFO  c.r.c.u.ConcurrentHashMapCacheUtils - [deleteTimeOut,139] - delete time out run!
09:57:06.310 [Thread-45] INFO  c.r.c.u.ConcurrentHashMapCacheUtils - [deleteTimeOut,149] - delete cache count is :0
09:57:52.909 [Thread-32] INFO  c.r.c.u.ConcurrentHashMapCacheUtils - [deleteTimeOut,139] - delete time out run!
09:57:52.909 [Thread-32] INFO  c.r.c.u.ConcurrentHashMapCacheUtils - [deleteTimeOut,149] - delete cache count is :0
09:58:06.312 [Thread-45] INFO  c.r.c.u.ConcurrentHashMapCacheUtils - [deleteTimeOut,139] - delete time out run!
09:58:06.315 [Thread-45] INFO  c.r.c.u.ConcurrentHashMapCacheUtils - [deleteCache,98] - have delete key :login_tokens:ebfdb9cd-d928-41ca-960d-4f701510bab5
09:58:06.315 [Thread-45] INFO  c.r.c.u.ConcurrentHashMapCacheUtils - [deleteTimeOut,149] - delete cache count is :1
09:58:52.910 [Thread-32] INFO  c.r.c.u.ConcurrentHashMapCacheUtils - [deleteTimeOut,139] - delete time out run!
09:58:52.911 [Thread-32] INFO  c.r.c.u.ConcurrentHashMapCacheUtils - [deleteTimeOut,149] - delete cache count is :0
09:59:06.317 [Thread-45] INFO  c.r.c.u.ConcurrentHashMapCacheUtils - [deleteTimeOut,139] - delete time out run!
09:59:06.318 [Thread-45] INFO  c.r.c.u.ConcurrentHashMapCacheUtils - [deleteTimeOut,149] - delete cache count is :0
09:59:52.915 [Thread-32] INFO  c.r.c.u.ConcurrentHashMapCacheUtils - [deleteTimeOut,139] - delete time out run!
09:59:52.915 [Thread-32] INFO  c.r.c.u.ConcurrentHashMapCacheUtils - [deleteTimeOut,149] - delete cache count is :0
10:00:06.322 [Thread-45] INFO  c.r.c.u.ConcurrentHashMapCacheUtils - [deleteTimeOut,139] - delete time out run!
10:00:06.323 [Thread-45] INFO  c.r.c.u.ConcurrentHashMapCacheUtils - [deleteTimeOut,149] - delete cache count is :0
10:00:52.919 [Thread-32] INFO  c.r.c.u.ConcurrentHashMapCacheUtils - [deleteTimeOut,139] - delete time out run!
10:00:52.919 [Thread-32] INFO  c.r.c.u.ConcurrentHashMapCacheUtils - [deleteTimeOut,149] - delete cache count is :0
10:01:06.326 [Thread-45] INFO  c.r.c.u.ConcurrentHashMapCacheUtils - [deleteTimeOut,139] - delete time out run!
10:01:06.327 [Thread-45] INFO  c.r.c.u.ConcurrentHashMapCacheUtils - [deleteTimeOut,149] - delete cache count is :0
10:01:52.922 [Thread-32] INFO  c.r.c.u.ConcurrentHashMapCacheUtils - [deleteTimeOut,139] - delete time out run!
10:01:52.922 [Thread-32] INFO  c.r.c.u.ConcurrentHashMapCacheUtils - [deleteTimeOut,149] - delete cache count is :0
10:02:06.329 [Thread-45] INFO  c.r.c.u.ConcurrentHashMapCacheUtils - [deleteTimeOut,139] - delete time out run!
10:02:06.337 [Thread-45] INFO  c.r.c.u.ConcurrentHashMapCacheUtils - [deleteTimeOut,149] - delete cache count is :0
10:02:52.927 [Thread-32] INFO  c.r.c.u.ConcurrentHashMapCacheUtils - [deleteTimeOut,139] - delete time out run!
10:02:52.927 [Thread-32] INFO  c.r.c.u.ConcurrentHashMapCacheUtils - [deleteTimeOut,149] - delete cache count is :0
10:03:06.342 [Thread-45] INFO  c.r.c.u.ConcurrentHashMapCacheUtils - [deleteTimeOut,139] - delete time out run!
10:03:06.342 [Thread-45] INFO  c.r.c.u.ConcurrentHashMapCacheUtils - [deleteTimeOut,149] - delete cache count is :0
10:03:52.928 [Thread-32] INFO  c.r.c.u.ConcurrentHashMapCacheUtils - [deleteTimeOut,139] - delete time out run!
10:03:52.928 [Thread-32] INFO  c.r.c.u.ConcurrentHashMapCacheUtils - [deleteTimeOut,149] - delete cache count is :0
10:04:06.346 [Thread-45] INFO  c.r.c.u.ConcurrentHashMapCacheUtils - [deleteTimeOut,139] - delete time out run!
10:04:06.346 [Thread-45] INFO  c.r.c.u.ConcurrentHashMapCacheUtils - [deleteTimeOut,149] - delete cache count is :0
10:04:52.931 [Thread-32] INFO  c.r.c.u.ConcurrentHashMapCacheUtils - [deleteTimeOut,139] - delete time out run!
10:04:52.931 [Thread-32] INFO  c.r.c.u.ConcurrentHashMapCacheUtils - [deleteTimeOut,149] - delete cache count is :0
10:05:06.351 [Thread-45] INFO  c.r.c.u.ConcurrentHashMapCacheUtils - [deleteTimeOut,139] - delete time out run!
10:05:06.351 [Thread-45] INFO  c.r.c.u.ConcurrentHashMapCacheUtils - [deleteTimeOut,149] - delete cache count is :0
10:05:52.933 [Thread-32] INFO  c.r.c.u.ConcurrentHashMapCacheUtils - [deleteTimeOut,139] - delete time out run!
10:05:52.934 [Thread-32] INFO  c.r.c.u.ConcurrentHashMapCacheUtils - [deleteTimeOut,149] - delete cache count is :0
10:06:06.352 [Thread-45] INFO  c.r.c.u.ConcurrentHashMapCacheUtils - [deleteTimeOut,139] - delete time out run!
10:06:06.352 [Thread-45] INFO  c.r.c.u.ConcurrentHashMapCacheUtils - [deleteTimeOut,149] - delete cache count is :0
10:06:52.938 [Thread-32] INFO  c.r.c.u.ConcurrentHashMapCacheUtils - [deleteTimeOut,139] - delete time out run!
10:06:52.939 [Thread-32] INFO  c.r.c.u.ConcurrentHashMapCacheUtils - [deleteTimeOut,149] - delete cache count is :0
10:07:06.356 [Thread-45] INFO  c.r.c.u.ConcurrentHashMapCacheUtils - [deleteTimeOut,139] - delete time out run!
10:07:06.356 [Thread-45] INFO  c.r.c.u.ConcurrentHashMapCacheUtils - [deleteTimeOut,149] - delete cache count is :0
10:07:52.943 [Thread-32] INFO  c.r.c.u.ConcurrentHashMapCacheUtils - [deleteTimeOut,139] - delete time out run!
10:07:52.945 [Thread-32] INFO  c.r.c.u.ConcurrentHashMapCacheUtils - [deleteTimeOut,149] - delete cache count is :0
10:08:06.359 [Thread-45] INFO  c.r.c.u.ConcurrentHashMapCacheUtils - [deleteTimeOut,139] - delete time out run!
10:08:06.359 [Thread-45] INFO  c.r.c.u.ConcurrentHashMapCacheUtils - [deleteTimeOut,149] - delete cache count is :0
10:08:52.950 [Thread-32] INFO  c.r.c.u.ConcurrentHashMapCacheUtils - [deleteTimeOut,139] - delete time out run!
10:08:52.950 [Thread-32] INFO  c.r.c.u.ConcurrentHashMapCacheUtils - [deleteTimeOut,149] - delete cache count is :0
10:09:06.361 [Thread-45] INFO  c.r.c.u.ConcurrentHashMapCacheUtils - [deleteTimeOut,139] - delete time out run!
10:09:06.362 [Thread-45] INFO  c.r.c.u.ConcurrentHashMapCacheUtils - [deleteTimeOut,149] - delete cache count is :0
10:09:52.952 [Thread-32] INFO  c.r.c.u.ConcurrentHashMapCacheUtils - [deleteTimeOut,139] - delete time out run!
10:09:52.952 [Thread-32] INFO  c.r.c.u.ConcurrentHashMapCacheUtils - [deleteTimeOut,149] - delete cache count is :0
10:10:06.365 [Thread-45] INFO  c.r.c.u.ConcurrentHashMapCacheUtils - [deleteTimeOut,139] - delete time out run!
10:10:06.366 [Thread-45] INFO  c.r.c.u.ConcurrentHashMapCacheUtils - [deleteTimeOut,149] - delete cache count is :0
10:10:52.956 [Thread-32] INFO  c.r.c.u.ConcurrentHashMapCacheUtils - [deleteTimeOut,139] - delete time out run!
10:10:52.956 [Thread-32] INFO  c.r.c.u.ConcurrentHashMapCacheUtils - [deleteTimeOut,149] - delete cache count is :0
10:11:06.370 [Thread-45] INFO  c.r.c.u.ConcurrentHashMapCacheUtils - [deleteTimeOut,139] - delete time out run!
10:11:06.370 [Thread-45] INFO  c.r.c.u.ConcurrentHashMapCacheUtils - [deleteTimeOut,149] - delete cache count is :0
10:11:52.958 [Thread-32] INFO  c.r.c.u.ConcurrentHashMapCacheUtils - [deleteTimeOut,139] - delete time out run!
10:11:52.959 [Thread-32] INFO  c.r.c.u.ConcurrentHashMapCacheUtils - [deleteTimeOut,149] - delete cache count is :0
10:12:06.370 [Thread-45] INFO  c.r.c.u.ConcurrentHashMapCacheUtils - [deleteTimeOut,139] - delete time out run!
10:12:06.370 [Thread-45] INFO  c.r.c.u.ConcurrentHashMapCacheUtils - [deleteTimeOut,149] - delete cache count is :0
10:12:52.961 [Thread-32] INFO  c.r.c.u.ConcurrentHashMapCacheUtils - [deleteTimeOut,139] - delete time out run!
10:12:52.961 [Thread-32] INFO  c.r.c.u.ConcurrentHashMapCacheUtils - [deleteTimeOut,149] - delete cache count is :0
10:13:06.375 [Thread-45] INFO  c.r.c.u.ConcurrentHashMapCacheUtils - [deleteTimeOut,139] - delete time out run!
10:13:06.376 [Thread-45] INFO  c.r.c.u.ConcurrentHashMapCacheUtils - [deleteTimeOut,149] - delete cache count is :0
10:13:52.965 [Thread-32] INFO  c.r.c.u.ConcurrentHashMapCacheUtils - [deleteTimeOut,139] - delete time out run!
10:13:52.966 [Thread-32] INFO  c.r.c.u.ConcurrentHashMapCacheUtils - [deleteTimeOut,149] - delete cache count is :0
10:14:06.379 [Thread-45] INFO  c.r.c.u.ConcurrentHashMapCacheUtils - [deleteTimeOut,139] - delete time out run!
10:14:06.379 [Thread-45] INFO  c.r.c.u.ConcurrentHashMapCacheUtils - [deleteTimeOut,149] - delete cache count is :0
10:14:52.969 [Thread-32] INFO  c.r.c.u.ConcurrentHashMapCacheUtils - [deleteTimeOut,139] - delete time out run!
10:14:52.970 [Thread-32] INFO  c.r.c.u.ConcurrentHashMapCacheUtils - [deleteTimeOut,149] - delete cache count is :0
10:15:06.380 [Thread-45] INFO  c.r.c.u.ConcurrentHashMapCacheUtils - [deleteTimeOut,139] - delete time out run!
10:15:06.380 [Thread-45] INFO  c.r.c.u.ConcurrentHashMapCacheUtils - [deleteTimeOut,149] - delete cache count is :0
10:15:52.975 [Thread-32] INFO  c.r.c.u.ConcurrentHashMapCacheUtils - [deleteTimeOut,139] - delete time out run!
10:15:52.976 [Thread-32] INFO  c.r.c.u.ConcurrentHashMapCacheUtils - [deleteTimeOut,149] - delete cache count is :0
10:16:06.384 [Thread-45] INFO  c.r.c.u.ConcurrentHashMapCacheUtils - [deleteTimeOut,139] - delete time out run!
10:16:06.385 [Thread-45] INFO  c.r.c.u.ConcurrentHashMapCacheUtils - [deleteTimeOut,149] - delete cache count is :0
10:16:52.980 [Thread-32] INFO  c.r.c.u.ConcurrentHashMapCacheUtils - [deleteTimeOut,139] - delete time out run!
10:16:52.981 [Thread-32] INFO  c.r.c.u.ConcurrentHashMapCacheUtils - [deleteTimeOut,149] - delete cache count is :0
10:17:06.389 [Thread-45] INFO  c.r.c.u.ConcurrentHashMapCacheUtils - [deleteTimeOut,139] - delete time out run!
10:17:06.390 [Thread-45] INFO  c.r.c.u.ConcurrentHashMapCacheUtils - [deleteTimeOut,149] - delete cache count is :0
10:17:52.982 [Thread-32] INFO  c.r.c.u.ConcurrentHashMapCacheUtils - [deleteTimeOut,139] - delete time out run!
10:17:52.983 [Thread-32] INFO  c.r.c.u.ConcurrentHashMapCacheUtils - [deleteTimeOut,149] - delete cache count is :0
10:18:06.392 [Thread-45] INFO  c.r.c.u.ConcurrentHashMapCacheUtils - [deleteTimeOut,139] - delete time out run!
10:18:06.392 [Thread-45] INFO  c.r.c.u.ConcurrentHashMapCacheUtils - [deleteTimeOut,149] - delete cache count is :0
10:18:52.983 [Thread-32] INFO  c.r.c.u.ConcurrentHashMapCacheUtils - [deleteTimeOut,139] - delete time out run!
10:18:52.984 [Thread-32] INFO  c.r.c.u.ConcurrentHashMapCacheUtils - [deleteTimeOut,149] - delete cache count is :0
10:19:06.396 [Thread-45] INFO  c.r.c.u.ConcurrentHashMapCacheUtils - [deleteTimeOut,139] - delete time out run!
10:19:06.397 [Thread-45] INFO  c.r.c.u.ConcurrentHashMapCacheUtils - [deleteTimeOut,149] - delete cache count is :0
10:19:52.988 [Thread-32] INFO  c.r.c.u.ConcurrentHashMapCacheUtils - [deleteTimeOut,139] - delete time out run!
10:19:52.990 [Thread-32] INFO  c.r.c.u.ConcurrentHashMapCacheUtils - [deleteTimeOut,149] - delete cache count is :0
10:20:06.402 [Thread-45] INFO  c.r.c.u.ConcurrentHashMapCacheUtils - [deleteTimeOut,139] - delete time out run!
10:20:06.402 [Thread-45] INFO  c.r.c.u.ConcurrentHashMapCacheUtils - [deleteTimeOut,149] - delete cache count is :0
10:20:52.993 [Thread-32] INFO  c.r.c.u.ConcurrentHashMapCacheUtils - [deleteTimeOut,139] - delete time out run!
10:20:52.995 [Thread-32] INFO  c.r.c.u.ConcurrentHashMapCacheUtils - [deleteTimeOut,149] - delete cache count is :0
10:21:06.406 [Thread-45] INFO  c.r.c.u.ConcurrentHashMapCacheUtils - [deleteTimeOut,139] - delete time out run!
10:21:06.406 [Thread-45] INFO  c.r.c.u.ConcurrentHashMapCacheUtils - [deleteTimeOut,149] - delete cache count is :0
10:21:52.999 [Thread-32] INFO  c.r.c.u.ConcurrentHashMapCacheUtils - [deleteTimeOut,139] - delete time out run!
10:21:53.000 [Thread-32] INFO  c.r.c.u.ConcurrentHashMapCacheUtils - [deleteTimeOut,149] - delete cache count is :0
10:22:06.410 [Thread-45] INFO  c.r.c.u.ConcurrentHashMapCacheUtils - [deleteTimeOut,139] - delete time out run!
10:22:06.411 [Thread-45] INFO  c.r.c.u.ConcurrentHashMapCacheUtils - [deleteTimeOut,149] - delete cache count is :0
10:22:53.001 [Thread-32] INFO  c.r.c.u.ConcurrentHashMapCacheUtils - [deleteTimeOut,139] - delete time out run!
10:22:53.002 [Thread-32] INFO  c.r.c.u.ConcurrentHashMapCacheUtils - [deleteTimeOut,149] - delete cache count is :0
10:23:06.416 [Thread-45] INFO  c.r.c.u.ConcurrentHashMapCacheUtils - [deleteTimeOut,139] - delete time out run!
10:23:06.417 [Thread-45] INFO  c.r.c.u.ConcurrentHashMapCacheUtils - [deleteTimeOut,149] - delete cache count is :0
10:23:53.003 [Thread-32] INFO  c.r.c.u.ConcurrentHashMapCacheUtils - [deleteTimeOut,139] - delete time out run!
10:23:53.005 [Thread-32] INFO  c.r.c.u.ConcurrentHashMapCacheUtils - [deleteTimeOut,149] - delete cache count is :0
10:24:06.418 [Thread-45] INFO  c.r.c.u.ConcurrentHashMapCacheUtils - [deleteTimeOut,139] - delete time out run!
10:24:06.419 [Thread-45] INFO  c.r.c.u.ConcurrentHashMapCacheUtils - [deleteTimeOut,149] - delete cache count is :0
10:24:53.008 [Thread-32] INFO  c.r.c.u.ConcurrentHashMapCacheUtils - [deleteTimeOut,139] - delete time out run!
10:24:53.009 [Thread-32] INFO  c.r.c.u.ConcurrentHashMapCacheUtils - [deleteTimeOut,149] - delete cache count is :0
10:25:06.423 [Thread-45] INFO  c.r.c.u.ConcurrentHashMapCacheUtils - [deleteTimeOut,139] - delete time out run!
10:25:06.424 [Thread-45] INFO  c.r.c.u.ConcurrentHashMapCacheUtils - [deleteTimeOut,149] - delete cache count is :0
10:25:53.011 [Thread-32] INFO  c.r.c.u.ConcurrentHashMapCacheUtils - [deleteTimeOut,139] - delete time out run!
10:25:53.012 [Thread-32] INFO  c.r.c.u.ConcurrentHashMapCacheUtils - [deleteTimeOut,149] - delete cache count is :0
10:26:06.428 [Thread-45] INFO  c.r.c.u.ConcurrentHashMapCacheUtils - [deleteTimeOut,139] - delete time out run!
10:26:06.428 [Thread-45] INFO  c.r.c.u.ConcurrentHashMapCacheUtils - [deleteTimeOut,149] - delete cache count is :0
10:26:53.016 [Thread-32] INFO  c.r.c.u.ConcurrentHashMapCacheUtils - [deleteTimeOut,139] - delete time out run!
10:26:53.017 [Thread-32] INFO  c.r.c.u.ConcurrentHashMapCacheUtils - [deleteTimeOut,149] - delete cache count is :0
10:27:06.432 [Thread-45] INFO  c.r.c.u.ConcurrentHashMapCacheUtils - [deleteTimeOut,139] - delete time out run!
10:27:06.432 [Thread-45] INFO  c.r.c.u.ConcurrentHashMapCacheUtils - [deleteTimeOut,149] - delete cache count is :0
10:27:53.021 [Thread-32] INFO  c.r.c.u.ConcurrentHashMapCacheUtils - [deleteTimeOut,139] - delete time out run!
10:27:53.022 [Thread-32] INFO  c.r.c.u.ConcurrentHashMapCacheUtils - [deleteTimeOut,149] - delete cache count is :0
10:28:06.436 [Thread-45] INFO  c.r.c.u.ConcurrentHashMapCacheUtils - [deleteTimeOut,139] - delete time out run!
10:28:06.437 [Thread-45] INFO  c.r.c.u.ConcurrentHashMapCacheUtils - [deleteTimeOut,149] - delete cache count is :0
10:28:53.027 [Thread-32] INFO  c.r.c.u.ConcurrentHashMapCacheUtils - [deleteTimeOut,139] - delete time out run!
10:28:53.028 [Thread-32] INFO  c.r.c.u.ConcurrentHashMapCacheUtils - [deleteTimeOut,149] - delete cache count is :0
10:29:06.437 [Thread-45] INFO  c.r.c.u.ConcurrentHashMapCacheUtils - [deleteTimeOut,139] - delete time out run!
10:29:06.437 [Thread-45] INFO  c.r.c.u.ConcurrentHashMapCacheUtils - [deleteTimeOut,149] - delete cache count is :0
10:29:53.030 [Thread-32] INFO  c.r.c.u.ConcurrentHashMapCacheUtils - [deleteTimeOut,139] - delete time out run!
10:29:53.032 [Thread-32] INFO  c.r.c.u.ConcurrentHashMapCacheUtils - [deleteTimeOut,149] - delete cache count is :0
10:30:06.441 [Thread-45] INFO  c.r.c.u.ConcurrentHashMapCacheUtils - [deleteTimeOut,139] - delete time out run!
10:30:06.442 [Thread-45] INFO  c.r.c.u.ConcurrentHashMapCacheUtils - [deleteTimeOut,149] - delete cache count is :0
10:30:53.036 [Thread-32] INFO  c.r.c.u.ConcurrentHashMapCacheUtils - [deleteTimeOut,139] - delete time out run!
10:30:53.037 [Thread-32] INFO  c.r.c.u.ConcurrentHashMapCacheUtils - [deleteTimeOut,149] - delete cache count is :0
10:31:06.444 [Thread-45] INFO  c.r.c.u.ConcurrentHashMapCacheUtils - [deleteTimeOut,139] - delete time out run!
10:31:06.445 [Thread-45] INFO  c.r.c.u.ConcurrentHashMapCacheUtils - [deleteTimeOut,149] - delete cache count is :0
10:31:53.039 [Thread-32] INFO  c.r.c.u.ConcurrentHashMapCacheUtils - [deleteTimeOut,139] - delete time out run!
10:31:53.039 [Thread-32] INFO  c.r.c.u.ConcurrentHashMapCacheUtils - [deleteTimeOut,149] - delete cache count is :0
10:32:06.448 [Thread-45] INFO  c.r.c.u.ConcurrentHashMapCacheUtils - [deleteTimeOut,139] - delete time out run!
10:32:06.448 [Thread-45] INFO  c.r.c.u.ConcurrentHashMapCacheUtils - [deleteTimeOut,149] - delete cache count is :0
10:32:53.041 [Thread-32] INFO  c.r.c.u.ConcurrentHashMapCacheUtils - [deleteTimeOut,139] - delete time out run!
10:32:53.042 [Thread-32] INFO  c.r.c.u.ConcurrentHashMapCacheUtils - [deleteTimeOut,149] - delete cache count is :0
10:33:06.452 [Thread-45] INFO  c.r.c.u.ConcurrentHashMapCacheUtils - [deleteTimeOut,139] - delete time out run!
10:33:06.453 [Thread-45] INFO  c.r.c.u.ConcurrentHashMapCacheUtils - [deleteTimeOut,149] - delete cache count is :0
10:33:53.045 [Thread-32] INFO  c.r.c.u.ConcurrentHashMapCacheUtils - [deleteTimeOut,139] - delete time out run!
10:33:53.046 [Thread-32] INFO  c.r.c.u.ConcurrentHashMapCacheUtils - [deleteTimeOut,149] - delete cache count is :0
10:34:06.457 [Thread-45] INFO  c.r.c.u.ConcurrentHashMapCacheUtils - [deleteTimeOut,139] - delete time out run!
10:34:06.458 [Thread-45] INFO  c.r.c.u.ConcurrentHashMapCacheUtils - [deleteTimeOut,149] - delete cache count is :0
10:34:53.050 [Thread-32] INFO  c.r.c.u.ConcurrentHashMapCacheUtils - [deleteTimeOut,139] - delete time out run!
10:34:53.051 [Thread-32] INFO  c.r.c.u.ConcurrentHashMapCacheUtils - [deleteTimeOut,149] - delete cache count is :0
10:35:06.458 [Thread-45] INFO  c.r.c.u.ConcurrentHashMapCacheUtils - [deleteTimeOut,139] - delete time out run!
10:35:06.459 [Thread-45] INFO  c.r.c.u.ConcurrentHashMapCacheUtils - [deleteTimeOut,149] - delete cache count is :0
10:35:53.056 [Thread-32] INFO  c.r.c.u.ConcurrentHashMapCacheUtils - [deleteTimeOut,139] - delete time out run!
10:35:53.057 [Thread-32] INFO  c.r.c.u.ConcurrentHashMapCacheUtils - [deleteTimeOut,149] - delete cache count is :0
10:36:03.799 [Thread-33] INFO  sys-user - [shutdownAsyncManager,31] - ====关闭后台任务任务线程池====
10:36:03.812 [Thread-33] INFO  c.a.d.p.DruidDataSource - [close,2032] - {dataSource-2} closing ...
10:36:03.817 [Thread-33] INFO  c.a.d.p.DruidDataSource - [close,2104] - {dataSource-2} closed
10:36:16.109 [restartedMain] INFO  c.r.RuoYiApplication - [logStarting,50] - Starting RuoYiApplication on chenyadeMacBook-Pro.local with PID 17101 (/Users/macbookpro/soft/实习/recording_back/ruoyi-admin/target/classes started by macbookpro in /Users/macbookpro/soft/实习/recording_back)
10:36:16.109 [restartedMain] INFO  c.r.RuoYiApplication - [logStartupProfileInfo,652] - The following profiles are active: druid
10:36:17.157 [restartedMain] INFO  o.a.c.c.StandardService - [log,173] - Starting service [Tomcat]
10:36:17.157 [restartedMain] INFO  o.a.c.c.StandardEngine - [log,173] - Starting Servlet engine: [Apache Tomcat/9.0.39]
10:36:17.164 [restartedMain] INFO  o.a.c.c.C.[.[.[/] - [log,173] - Initializing Spring embedded WebApplicationContext
10:36:18.139 [restartedMain] INFO  c.a.d.p.DruidDataSource - [init,985] - {dataSource-3} inited
10:36:18.893 [restartedMain] INFO  s.d.s.w.PropertySourcedRequestMappingHandlerMapping - [initHandlerMethods,69] - Mapped URL path [/v2/api-docs] onto method [public org.springframework.http.ResponseEntity<springfox.documentation.spring.web.json.Json> springfox.documentation.swagger2.web.Swagger2Controller.getDocumentation(java.lang.String,javax.servlet.http.HttpServletRequest)]
10:36:19.947 [restartedMain] INFO  s.d.s.w.p.DocumentationPluginsBootstrapper - [start,160] - Context refreshed
10:36:19.948 [restartedMain] INFO  s.d.s.w.p.DocumentationPluginsBootstrapper - [start,163] - Found 1 custom documentation plugin(s)
10:36:19.971 [restartedMain] INFO  s.d.s.w.s.ApiListingReferenceScanner - [scan,41] - Scanning for api listing references
10:36:20.033 [restartedMain] INFO  c.r.RuoYiApplication - [logStarted,59] - Started RuoYiApplication in 3.977 seconds (JVM running for 5801.108)
10:36:53.062 [Thread-32] INFO  c.r.c.u.ConcurrentHashMapCacheUtils - [deleteTimeOut,139] - delete time out run!
10:36:53.063 [Thread-32] INFO  c.r.c.u.ConcurrentHashMapCacheUtils - [deleteTimeOut,149] - delete cache count is :0
10:37:06.466 [Thread-45] INFO  c.r.c.u.ConcurrentHashMapCacheUtils - [deleteTimeOut,139] - delete time out run!
10:37:06.466 [Thread-45] INFO  c.r.c.u.ConcurrentHashMapCacheUtils - [deleteTimeOut,149] - delete cache count is :0
10:37:53.066 [Thread-32] INFO  c.r.c.u.ConcurrentHashMapCacheUtils - [deleteTimeOut,139] - delete time out run!
10:37:53.066 [Thread-32] INFO  c.r.c.u.ConcurrentHashMapCacheUtils - [deleteTimeOut,149] - delete cache count is :0
10:38:06.469 [Thread-45] INFO  c.r.c.u.ConcurrentHashMapCacheUtils - [deleteTimeOut,139] - delete time out run!
10:38:06.469 [Thread-45] INFO  c.r.c.u.ConcurrentHashMapCacheUtils - [deleteTimeOut,149] - delete cache count is :0
10:38:53.070 [Thread-32] INFO  c.r.c.u.ConcurrentHashMapCacheUtils - [deleteTimeOut,139] - delete time out run!
10:38:53.070 [Thread-32] INFO  c.r.c.u.ConcurrentHashMapCacheUtils - [deleteTimeOut,149] - delete cache count is :0
10:39:06.474 [Thread-45] INFO  c.r.c.u.ConcurrentHashMapCacheUtils - [deleteTimeOut,139] - delete time out run!
10:39:06.474 [Thread-45] INFO  c.r.c.u.ConcurrentHashMapCacheUtils - [deleteTimeOut,149] - delete cache count is :0
10:39:53.074 [Thread-32] INFO  c.r.c.u.ConcurrentHashMapCacheUtils - [deleteTimeOut,139] - delete time out run!
10:39:53.074 [Thread-32] INFO  c.r.c.u.ConcurrentHashMapCacheUtils - [deleteTimeOut,149] - delete cache count is :0
10:40:06.476 [Thread-45] INFO  c.r.c.u.ConcurrentHashMapCacheUtils - [deleteTimeOut,139] - delete time out run!
10:40:06.476 [Thread-45] INFO  c.r.c.u.ConcurrentHashMapCacheUtils - [deleteTimeOut,149] - delete cache count is :0
10:40:14.325 [Thread-46] INFO  sys-user - [shutdownAsyncManager,31] - ====关闭后台任务任务线程池====
10:40:14.327 [Thread-46] INFO  c.a.d.p.DruidDataSource - [close,2032] - {dataSource-3} closing ...
10:40:14.329 [Thread-46] INFO  c.a.d.p.DruidDataSource - [close,2104] - {dataSource-3} closed
10:44:48.472 [restartedMain] INFO  c.r.RuoYiApplication - [logStarting,50] - Starting RuoYiApplication on chenyadeMacBook-Pro.local with PID 17101 (/Users/macbookpro/soft/实习/recording_back/ruoyi-admin/target/classes started by macbookpro in /Users/macbookpro/soft/实习/recording_back)
10:44:48.472 [restartedMain] INFO  c.r.RuoYiApplication - [logStartupProfileInfo,652] - The following profiles are active: druid
10:44:49.350 [restartedMain] INFO  o.a.c.c.StandardService - [log,173] - Starting service [Tomcat]
10:44:49.351 [restartedMain] INFO  o.a.c.c.StandardEngine - [log,173] - Starting Servlet engine: [Apache Tomcat/9.0.39]
10:44:49.358 [restartedMain] INFO  o.a.c.c.C.[.[.[/] - [log,173] - Initializing Spring embedded WebApplicationContext
10:44:50.359 [restartedMain] INFO  c.a.d.p.DruidDataSource - [init,985] - {dataSource-4} inited
10:44:51.152 [restartedMain] INFO  s.d.s.w.PropertySourcedRequestMappingHandlerMapping - [initHandlerMethods,69] - Mapped URL path [/v2/api-docs] onto method [public org.springframework.http.ResponseEntity<springfox.documentation.spring.web.json.Json> springfox.documentation.swagger2.web.Swagger2Controller.getDocumentation(java.lang.String,javax.servlet.http.HttpServletRequest)]
10:44:52.156 [restartedMain] INFO  s.d.s.w.p.DocumentationPluginsBootstrapper - [start,160] - Context refreshed
10:44:52.157 [restartedMain] INFO  s.d.s.w.p.DocumentationPluginsBootstrapper - [start,163] - Found 1 custom documentation plugin(s)
10:44:52.171 [restartedMain] INFO  s.d.s.w.s.ApiListingReferenceScanner - [scan,41] - Scanning for api listing references
10:44:52.214 [restartedMain] INFO  c.r.RuoYiApplication - [logStarted,59] - Started RuoYiApplication in 3.796 seconds (JVM running for 6313.289)
10:44:53.088 [Thread-32] INFO  c.r.c.u.ConcurrentHashMapCacheUtils - [deleteTimeOut,139] - delete time out run!
10:44:53.089 [Thread-32] INFO  c.r.c.u.ConcurrentHashMapCacheUtils - [deleteTimeOut,149] - delete cache count is :0
10:45:06.497 [Thread-45] INFO  c.r.c.u.ConcurrentHashMapCacheUtils - [deleteTimeOut,139] - delete time out run!
10:45:06.498 [Thread-45] INFO  c.r.c.u.ConcurrentHashMapCacheUtils - [deleteTimeOut,149] - delete cache count is :0
10:45:53.094 [Thread-32] INFO  c.r.c.u.ConcurrentHashMapCacheUtils - [deleteTimeOut,139] - delete time out run!
10:45:53.094 [Thread-32] INFO  c.r.c.u.ConcurrentHashMapCacheUtils - [deleteTimeOut,149] - delete cache count is :0
10:46:06.502 [Thread-45] INFO  c.r.c.u.ConcurrentHashMapCacheUtils - [deleteTimeOut,139] - delete time out run!
10:46:06.503 [Thread-45] INFO  c.r.c.u.ConcurrentHashMapCacheUtils - [deleteTimeOut,149] - delete cache count is :0
10:46:53.099 [Thread-32] INFO  c.r.c.u.ConcurrentHashMapCacheUtils - [deleteTimeOut,139] - delete time out run!
10:46:53.099 [Thread-32] INFO  c.r.c.u.ConcurrentHashMapCacheUtils - [deleteTimeOut,149] - delete cache count is :0
10:47:06.508 [Thread-45] INFO  c.r.c.u.ConcurrentHashMapCacheUtils - [deleteTimeOut,139] - delete time out run!
10:47:06.508 [Thread-45] INFO  c.r.c.u.ConcurrentHashMapCacheUtils - [deleteTimeOut,149] - delete cache count is :0
10:47:53.100 [Thread-32] INFO  c.r.c.u.ConcurrentHashMapCacheUtils - [deleteTimeOut,139] - delete time out run!
10:47:53.100 [Thread-32] INFO  c.r.c.u.ConcurrentHashMapCacheUtils - [deleteTimeOut,149] - delete cache count is :0
10:48:06.512 [Thread-45] INFO  c.r.c.u.ConcurrentHashMapCacheUtils - [deleteTimeOut,139] - delete time out run!
10:48:06.512 [Thread-45] INFO  c.r.c.u.ConcurrentHashMapCacheUtils - [deleteTimeOut,149] - delete cache count is :0
10:48:50.977 [Thread-58] INFO  sys-user - [shutdownAsyncManager,31] - ====关闭后台任务任务线程池====
10:48:50.979 [Thread-58] INFO  c.a.d.p.DruidDataSource - [close,2032] - {dataSource-4} closing ...
10:48:50.982 [Thread-58] INFO  c.a.d.p.DruidDataSource - [close,2104] - {dataSource-4} closed
10:49:02.726 [restartedMain] INFO  c.r.RuoYiApplication - [logStarting,50] - Starting RuoYiApplication on chenyadeMacBook-Pro.local with PID 17101 (/Users/macbookpro/soft/实习/recording_back/ruoyi-admin/target/classes started by macbookpro in /Users/macbookpro/soft/实习/recording_back)
10:49:02.727 [restartedMain] INFO  c.r.RuoYiApplication - [logStartupProfileInfo,652] - The following profiles are active: druid
10:49:03.853 [restartedMain] INFO  o.a.c.c.StandardService - [log,173] - Starting service [Tomcat]
10:49:03.853 [restartedMain] INFO  o.a.c.c.StandardEngine - [log,173] - Starting Servlet engine: [Apache Tomcat/9.0.39]
10:49:03.861 [restartedMain] INFO  o.a.c.c.C.[.[.[/] - [log,173] - Initializing Spring embedded WebApplicationContext
10:49:04.995 [restartedMain] INFO  c.a.d.p.DruidDataSource - [init,985] - {dataSource-5} inited
10:49:05.843 [restartedMain] INFO  s.d.s.w.PropertySourcedRequestMappingHandlerMapping - [initHandlerMethods,69] - Mapped URL path [/v2/api-docs] onto method [public org.springframework.http.ResponseEntity<springfox.documentation.spring.web.json.Json> springfox.documentation.swagger2.web.Swagger2Controller.getDocumentation(java.lang.String,javax.servlet.http.HttpServletRequest)]
10:49:06.513 [Thread-45] INFO  c.r.c.u.ConcurrentHashMapCacheUtils - [deleteTimeOut,139] - delete time out run!
10:49:06.538 [Thread-45] INFO  c.r.c.u.ConcurrentHashMapCacheUtils - [deleteTimeOut,149] - delete cache count is :0
10:49:07.076 [restartedMain] INFO  s.d.s.w.p.DocumentationPluginsBootstrapper - [start,160] - Context refreshed
10:49:07.078 [restartedMain] INFO  s.d.s.w.p.DocumentationPluginsBootstrapper - [start,163] - Found 1 custom documentation plugin(s)
10:49:07.094 [restartedMain] INFO  s.d.s.w.s.ApiListingReferenceScanner - [scan,41] - Scanning for api listing references
10:49:07.131 [restartedMain] INFO  c.r.RuoYiApplication - [logStarted,59] - Started RuoYiApplication in 4.442 seconds (JVM running for 6568.206)
10:49:53.109 [Thread-32] INFO  c.r.c.u.ConcurrentHashMapCacheUtils - [deleteTimeOut,139] - delete time out run!
10:49:53.109 [Thread-32] INFO  c.r.c.u.ConcurrentHashMapCacheUtils - [deleteTimeOut,149] - delete cache count is :0
10:50:06.543 [Thread-45] INFO  c.r.c.u.ConcurrentHashMapCacheUtils - [deleteTimeOut,139] - delete time out run!
10:50:06.543 [Thread-45] INFO  c.r.c.u.ConcurrentHashMapCacheUtils - [deleteTimeOut,149] - delete cache count is :0
10:50:53.112 [Thread-32] INFO  c.r.c.u.ConcurrentHashMapCacheUtils - [deleteTimeOut,139] - delete time out run!
10:50:53.113 [Thread-32] INFO  c.r.c.u.ConcurrentHashMapCacheUtils - [deleteTimeOut,149] - delete cache count is :0
10:51:06.546 [Thread-45] INFO  c.r.c.u.ConcurrentHashMapCacheUtils - [deleteTimeOut,139] - delete time out run!
10:51:06.546 [Thread-45] INFO  c.r.c.u.ConcurrentHashMapCacheUtils - [deleteTimeOut,149] - delete cache count is :0
10:51:29.823 [Thread-76] INFO  sys-user - [shutdownAsyncManager,31] - ====关闭后台任务任务线程池====
10:51:29.825 [Thread-76] INFO  c.a.d.p.DruidDataSource - [close,2032] - {dataSource-5} closing ...
10:51:29.828 [Thread-76] INFO  c.a.d.p.DruidDataSource - [close,2104] - {dataSource-5} closed
10:51:40.978 [restartedMain] INFO  c.r.RuoYiApplication - [logStarting,50] - Starting RuoYiApplication on chenyadeMacBook-Pro.local with PID 17101 (/Users/macbookpro/soft/实习/recording_back/ruoyi-admin/target/classes started by macbookpro in /Users/macbookpro/soft/实习/recording_back)
10:51:40.979 [restartedMain] INFO  c.r.RuoYiApplication - [logStartupProfileInfo,652] - The following profiles are active: druid
10:51:42.103 [restartedMain] INFO  o.a.c.c.StandardService - [log,173] - Starting service [Tomcat]
10:51:42.103 [restartedMain] INFO  o.a.c.c.StandardEngine - [log,173] - Starting Servlet engine: [Apache Tomcat/9.0.39]
10:51:42.112 [restartedMain] INFO  o.a.c.c.C.[.[.[/] - [log,173] - Initializing Spring embedded WebApplicationContext
10:51:43.098 [restartedMain] INFO  c.a.d.p.DruidDataSource - [init,985] - {dataSource-6} inited
10:51:44.010 [restartedMain] INFO  s.d.s.w.PropertySourcedRequestMappingHandlerMapping - [initHandlerMethods,69] - Mapped URL path [/v2/api-docs] onto method [public org.springframework.http.ResponseEntity<springfox.documentation.spring.web.json.Json> springfox.documentation.swagger2.web.Swagger2Controller.getDocumentation(java.lang.String,javax.servlet.http.HttpServletRequest)]
10:51:45.086 [restartedMain] INFO  s.d.s.w.p.DocumentationPluginsBootstrapper - [start,160] - Context refreshed
10:51:45.087 [restartedMain] INFO  s.d.s.w.p.DocumentationPluginsBootstrapper - [start,163] - Found 1 custom documentation plugin(s)
10:51:45.110 [restartedMain] INFO  s.d.s.w.s.ApiListingReferenceScanner - [scan,41] - Scanning for api listing references
10:51:45.137 [restartedMain] INFO  c.r.RuoYiApplication - [logStarted,59] - Started RuoYiApplication in 4.202 seconds (JVM running for 6726.212)
10:51:53.116 [Thread-32] INFO  c.r.c.u.ConcurrentHashMapCacheUtils - [deleteTimeOut,139] - delete time out run!
10:51:53.117 [Thread-32] INFO  c.r.c.u.ConcurrentHashMapCacheUtils - [deleteTimeOut,149] - delete cache count is :0
10:52:06.551 [Thread-45] INFO  c.r.c.u.ConcurrentHashMapCacheUtils - [deleteTimeOut,139] - delete time out run!
10:52:06.552 [Thread-45] INFO  c.r.c.u.ConcurrentHashMapCacheUtils - [deleteTimeOut,149] - delete cache count is :0
10:52:53.121 [Thread-32] INFO  c.r.c.u.ConcurrentHashMapCacheUtils - [deleteTimeOut,139] - delete time out run!
10:52:53.121 [Thread-32] INFO  c.r.c.u.ConcurrentHashMapCacheUtils - [deleteTimeOut,149] - delete cache count is :0
10:53:06.556 [Thread-45] INFO  c.r.c.u.ConcurrentHashMapCacheUtils - [deleteTimeOut,139] - delete time out run!
10:53:06.556 [Thread-45] INFO  c.r.c.u.ConcurrentHashMapCacheUtils - [deleteTimeOut,149] - delete cache count is :0
10:53:53.125 [Thread-32] INFO  c.r.c.u.ConcurrentHashMapCacheUtils - [deleteTimeOut,139] - delete time out run!
10:53:53.125 [Thread-32] INFO  c.r.c.u.ConcurrentHashMapCacheUtils - [deleteTimeOut,149] - delete cache count is :0
10:54:06.559 [Thread-45] INFO  c.r.c.u.ConcurrentHashMapCacheUtils - [deleteTimeOut,139] - delete time out run!
10:54:06.559 [Thread-45] INFO  c.r.c.u.ConcurrentHashMapCacheUtils - [deleteTimeOut,149] - delete cache count is :0
10:54:53.129 [Thread-32] INFO  c.r.c.u.ConcurrentHashMapCacheUtils - [deleteTimeOut,139] - delete time out run!
10:54:53.129 [Thread-32] INFO  c.r.c.u.ConcurrentHashMapCacheUtils - [deleteTimeOut,149] - delete cache count is :0
10:55:06.564 [Thread-45] INFO  c.r.c.u.ConcurrentHashMapCacheUtils - [deleteTimeOut,139] - delete time out run!
10:55:06.564 [Thread-45] INFO  c.r.c.u.ConcurrentHashMapCacheUtils - [deleteTimeOut,149] - delete cache count is :0
10:55:53.130 [Thread-32] INFO  c.r.c.u.ConcurrentHashMapCacheUtils - [deleteTimeOut,139] - delete time out run!
10:55:53.130 [Thread-32] INFO  c.r.c.u.ConcurrentHashMapCacheUtils - [deleteTimeOut,149] - delete cache count is :0
10:56:06.568 [Thread-45] INFO  c.r.c.u.ConcurrentHashMapCacheUtils - [deleteTimeOut,139] - delete time out run!
10:56:06.568 [Thread-45] INFO  c.r.c.u.ConcurrentHashMapCacheUtils - [deleteTimeOut,149] - delete cache count is :0
10:56:40.569 [Thread-88] INFO  sys-user - [shutdownAsyncManager,31] - ====关闭后台任务任务线程池====
10:56:40.571 [Thread-88] INFO  c.a.d.p.DruidDataSource - [close,2032] - {dataSource-6} closing ...
10:56:40.574 [Thread-88] INFO  c.a.d.p.DruidDataSource - [close,2104] - {dataSource-6} closed
10:56:49.191 [restartedMain] INFO  c.r.RuoYiApplication - [logStarting,50] - Starting RuoYiApplication on chenyadeMacBook-Pro.local with PID 17101 (/Users/macbookpro/soft/实习/recording_back/ruoyi-admin/target/classes started by macbookpro in /Users/macbookpro/soft/实习/recording_back)
10:56:49.192 [restartedMain] INFO  c.r.RuoYiApplication - [logStartupProfileInfo,652] - The following profiles are active: druid
10:56:50.137 [restartedMain] INFO  o.a.c.c.StandardService - [log,173] - Starting service [Tomcat]
10:56:50.137 [restartedMain] INFO  o.a.c.c.StandardEngine - [log,173] - Starting Servlet engine: [Apache Tomcat/9.0.39]
10:56:50.147 [restartedMain] INFO  o.a.c.c.C.[.[.[/] - [log,173] - Initializing Spring embedded WebApplicationContext
10:56:50.991 [restartedMain] INFO  c.a.d.p.DruidDataSource - [init,985] - {dataSource-7} inited
10:56:51.769 [restartedMain] INFO  s.d.s.w.PropertySourcedRequestMappingHandlerMapping - [initHandlerMethods,69] - Mapped URL path [/v2/api-docs] onto method [public org.springframework.http.ResponseEntity<springfox.documentation.spring.web.json.Json> springfox.documentation.swagger2.web.Swagger2Controller.getDocumentation(java.lang.String,javax.servlet.http.HttpServletRequest)]
10:56:52.779 [restartedMain] INFO  s.d.s.w.p.DocumentationPluginsBootstrapper - [start,160] - Context refreshed
10:56:52.780 [restartedMain] INFO  s.d.s.w.p.DocumentationPluginsBootstrapper - [start,163] - Found 1 custom documentation plugin(s)
10:56:52.790 [restartedMain] INFO  s.d.s.w.s.ApiListingReferenceScanner - [scan,41] - Scanning for api listing references
10:56:52.818 [restartedMain] INFO  c.r.RuoYiApplication - [logStarted,59] - Started RuoYiApplication in 3.676 seconds (JVM running for 7033.893)
10:56:53.131 [Thread-32] INFO  c.r.c.u.ConcurrentHashMapCacheUtils - [deleteTimeOut,139] - delete time out run!
10:56:53.132 [Thread-32] INFO  c.r.c.u.ConcurrentHashMapCacheUtils - [deleteTimeOut,149] - delete cache count is :0
10:57:06.571 [Thread-45] INFO  c.r.c.u.ConcurrentHashMapCacheUtils - [deleteTimeOut,139] - delete time out run!
10:57:06.571 [Thread-45] INFO  c.r.c.u.ConcurrentHashMapCacheUtils - [deleteTimeOut,149] - delete cache count is :0
10:57:53.135 [Thread-32] INFO  c.r.c.u.ConcurrentHashMapCacheUtils - [deleteTimeOut,139] - delete time out run!
10:57:53.135 [Thread-32] INFO  c.r.c.u.ConcurrentHashMapCacheUtils - [deleteTimeOut,149] - delete cache count is :0
10:58:06.575 [Thread-45] INFO  c.r.c.u.ConcurrentHashMapCacheUtils - [deleteTimeOut,139] - delete time out run!
10:58:06.575 [Thread-45] INFO  c.r.c.u.ConcurrentHashMapCacheUtils - [deleteTimeOut,149] - delete cache count is :0
10:58:53.139 [Thread-32] INFO  c.r.c.u.ConcurrentHashMapCacheUtils - [deleteTimeOut,139] - delete time out run!
10:58:53.139 [Thread-32] INFO  c.r.c.u.ConcurrentHashMapCacheUtils - [deleteTimeOut,149] - delete cache count is :0
10:59:06.578 [Thread-45] INFO  c.r.c.u.ConcurrentHashMapCacheUtils - [deleteTimeOut,139] - delete time out run!
10:59:06.578 [Thread-45] INFO  c.r.c.u.ConcurrentHashMapCacheUtils - [deleteTimeOut,149] - delete cache count is :0
10:59:53.142 [Thread-32] INFO  c.r.c.u.ConcurrentHashMapCacheUtils - [deleteTimeOut,139] - delete time out run!
10:59:53.142 [Thread-32] INFO  c.r.c.u.ConcurrentHashMapCacheUtils - [deleteTimeOut,149] - delete cache count is :0
11:00:06.582 [Thread-45] INFO  c.r.c.u.ConcurrentHashMapCacheUtils - [deleteTimeOut,139] - delete time out run!
11:00:06.582 [Thread-45] INFO  c.r.c.u.ConcurrentHashMapCacheUtils - [deleteTimeOut,149] - delete cache count is :0
11:00:53.143 [Thread-32] INFO  c.r.c.u.ConcurrentHashMapCacheUtils - [deleteTimeOut,139] - delete time out run!
11:00:53.144 [Thread-32] INFO  c.r.c.u.ConcurrentHashMapCacheUtils - [deleteTimeOut,149] - delete cache count is :0
11:01:06.586 [Thread-45] INFO  c.r.c.u.ConcurrentHashMapCacheUtils - [deleteTimeOut,139] - delete time out run!
11:01:06.586 [Thread-45] INFO  c.r.c.u.ConcurrentHashMapCacheUtils - [deleteTimeOut,149] - delete cache count is :0
11:01:53.148 [Thread-32] INFO  c.r.c.u.ConcurrentHashMapCacheUtils - [deleteTimeOut,139] - delete time out run!
11:01:53.148 [Thread-32] INFO  c.r.c.u.ConcurrentHashMapCacheUtils - [deleteTimeOut,149] - delete cache count is :0
11:02:06.591 [Thread-45] INFO  c.r.c.u.ConcurrentHashMapCacheUtils - [deleteTimeOut,139] - delete time out run!
11:02:06.591 [Thread-45] INFO  c.r.c.u.ConcurrentHashMapCacheUtils - [deleteTimeOut,149] - delete cache count is :0
11:02:53.151 [Thread-32] INFO  c.r.c.u.ConcurrentHashMapCacheUtils - [deleteTimeOut,139] - delete time out run!
11:02:53.152 [Thread-32] INFO  c.r.c.u.ConcurrentHashMapCacheUtils - [deleteTimeOut,149] - delete cache count is :0
11:03:06.595 [Thread-45] INFO  c.r.c.u.ConcurrentHashMapCacheUtils - [deleteTimeOut,139] - delete time out run!
11:03:06.595 [Thread-45] INFO  c.r.c.u.ConcurrentHashMapCacheUtils - [deleteTimeOut,149] - delete cache count is :0
11:03:53.156 [Thread-32] INFO  c.r.c.u.ConcurrentHashMapCacheUtils - [deleteTimeOut,139] - delete time out run!
11:03:53.157 [Thread-32] INFO  c.r.c.u.ConcurrentHashMapCacheUtils - [deleteTimeOut,149] - delete cache count is :0
11:04:06.598 [Thread-45] INFO  c.r.c.u.ConcurrentHashMapCacheUtils - [deleteTimeOut,139] - delete time out run!
11:04:06.598 [Thread-45] INFO  c.r.c.u.ConcurrentHashMapCacheUtils - [deleteTimeOut,149] - delete cache count is :0
11:04:53.161 [Thread-32] INFO  c.r.c.u.ConcurrentHashMapCacheUtils - [deleteTimeOut,139] - delete time out run!
11:04:53.161 [Thread-32] INFO  c.r.c.u.ConcurrentHashMapCacheUtils - [deleteTimeOut,149] - delete cache count is :0
11:05:06.601 [Thread-45] INFO  c.r.c.u.ConcurrentHashMapCacheUtils - [deleteTimeOut,139] - delete time out run!
11:05:06.601 [Thread-45] INFO  c.r.c.u.ConcurrentHashMapCacheUtils - [deleteTimeOut,149] - delete cache count is :0
11:05:53.162 [Thread-32] INFO  c.r.c.u.ConcurrentHashMapCacheUtils - [deleteTimeOut,139] - delete time out run!
11:05:53.163 [Thread-32] INFO  c.r.c.u.ConcurrentHashMapCacheUtils - [deleteTimeOut,149] - delete cache count is :0
11:06:06.601 [Thread-45] INFO  c.r.c.u.ConcurrentHashMapCacheUtils - [deleteTimeOut,139] - delete time out run!
11:06:06.601 [Thread-45] INFO  c.r.c.u.ConcurrentHashMapCacheUtils - [deleteTimeOut,149] - delete cache count is :0
11:06:53.163 [Thread-32] INFO  c.r.c.u.ConcurrentHashMapCacheUtils - [deleteTimeOut,139] - delete time out run!
11:06:53.164 [Thread-32] INFO  c.r.c.u.ConcurrentHashMapCacheUtils - [deleteTimeOut,149] - delete cache count is :0
11:07:06.605 [Thread-45] INFO  c.r.c.u.ConcurrentHashMapCacheUtils - [deleteTimeOut,139] - delete time out run!
11:07:06.606 [Thread-45] INFO  c.r.c.u.ConcurrentHashMapCacheUtils - [deleteTimeOut,149] - delete cache count is :0
11:07:53.169 [Thread-32] INFO  c.r.c.u.ConcurrentHashMapCacheUtils - [deleteTimeOut,139] - delete time out run!
11:07:53.170 [Thread-32] INFO  c.r.c.u.ConcurrentHashMapCacheUtils - [deleteTimeOut,149] - delete cache count is :0
11:08:06.610 [Thread-45] INFO  c.r.c.u.ConcurrentHashMapCacheUtils - [deleteTimeOut,139] - delete time out run!
11:08:06.610 [Thread-45] INFO  c.r.c.u.ConcurrentHashMapCacheUtils - [deleteTimeOut,149] - delete cache count is :0
11:08:53.173 [Thread-32] INFO  c.r.c.u.ConcurrentHashMapCacheUtils - [deleteTimeOut,139] - delete time out run!
11:08:53.174 [Thread-32] INFO  c.r.c.u.ConcurrentHashMapCacheUtils - [deleteTimeOut,149] - delete cache count is :0
11:09:06.615 [Thread-45] INFO  c.r.c.u.ConcurrentHashMapCacheUtils - [deleteTimeOut,139] - delete time out run!
11:09:06.615 [Thread-45] INFO  c.r.c.u.ConcurrentHashMapCacheUtils - [deleteTimeOut,149] - delete cache count is :0
11:09:53.174 [Thread-32] INFO  c.r.c.u.ConcurrentHashMapCacheUtils - [deleteTimeOut,139] - delete time out run!
11:09:53.175 [Thread-32] INFO  c.r.c.u.ConcurrentHashMapCacheUtils - [deleteTimeOut,149] - delete cache count is :0
11:10:06.617 [Thread-45] INFO  c.r.c.u.ConcurrentHashMapCacheUtils - [deleteTimeOut,139] - delete time out run!
11:10:06.617 [Thread-45] INFO  c.r.c.u.ConcurrentHashMapCacheUtils - [deleteTimeOut,149] - delete cache count is :0
11:10:53.175 [Thread-32] INFO  c.r.c.u.ConcurrentHashMapCacheUtils - [deleteTimeOut,139] - delete time out run!
11:10:53.175 [Thread-32] INFO  c.r.c.u.ConcurrentHashMapCacheUtils - [deleteTimeOut,149] - delete cache count is :0
11:11:06.621 [Thread-45] INFO  c.r.c.u.ConcurrentHashMapCacheUtils - [deleteTimeOut,139] - delete time out run!
11:11:06.622 [Thread-45] INFO  c.r.c.u.ConcurrentHashMapCacheUtils - [deleteTimeOut,149] - delete cache count is :0
11:11:53.179 [Thread-32] INFO  c.r.c.u.ConcurrentHashMapCacheUtils - [deleteTimeOut,139] - delete time out run!
11:11:53.180 [Thread-32] INFO  c.r.c.u.ConcurrentHashMapCacheUtils - [deleteTimeOut,149] - delete cache count is :0
11:12:06.626 [Thread-45] INFO  c.r.c.u.ConcurrentHashMapCacheUtils - [deleteTimeOut,139] - delete time out run!
11:12:06.627 [Thread-45] INFO  c.r.c.u.ConcurrentHashMapCacheUtils - [deleteTimeOut,149] - delete cache count is :0
11:12:53.184 [Thread-32] INFO  c.r.c.u.ConcurrentHashMapCacheUtils - [deleteTimeOut,139] - delete time out run!
11:12:53.185 [Thread-32] INFO  c.r.c.u.ConcurrentHashMapCacheUtils - [deleteTimeOut,149] - delete cache count is :0
11:13:06.632 [Thread-45] INFO  c.r.c.u.ConcurrentHashMapCacheUtils - [deleteTimeOut,139] - delete time out run!
11:13:06.632 [Thread-45] INFO  c.r.c.u.ConcurrentHashMapCacheUtils - [deleteTimeOut,149] - delete cache count is :0
11:13:53.190 [Thread-32] INFO  c.r.c.u.ConcurrentHashMapCacheUtils - [deleteTimeOut,139] - delete time out run!
11:13:53.191 [Thread-32] INFO  c.r.c.u.ConcurrentHashMapCacheUtils - [deleteTimeOut,149] - delete cache count is :0
11:14:06.633 [Thread-45] INFO  c.r.c.u.ConcurrentHashMapCacheUtils - [deleteTimeOut,139] - delete time out run!
11:14:06.633 [Thread-45] INFO  c.r.c.u.ConcurrentHashMapCacheUtils - [deleteTimeOut,149] - delete cache count is :0
11:14:11.248 [Thread-100] INFO  sys-user - [shutdownAsyncManager,31] - ====关闭后台任务任务线程池====
11:14:11.250 [Thread-100] INFO  c.a.d.p.DruidDataSource - [close,2032] - {dataSource-7} closing ...
11:14:11.250 [Thread-100] INFO  c.a.d.p.DruidDataSource - [close,2104] - {dataSource-7} closed
14:15:26.610 [restartedMain] INFO  c.r.RuoYiApplication - [logStarting,50] - Starting RuoYiApplication on chenyadeMacBook-Pro.local with PID 17101 (/Users/macbookpro/soft/实习/recording_back/ruoyi-admin/target/classes started by macbookpro in /Users/macbookpro/soft/实习/recording_back)
14:15:26.612 [restartedMain] INFO  c.r.RuoYiApplication - [logStartupProfileInfo,652] - The following profiles are active: druid
14:15:27.923 [restartedMain] INFO  o.a.c.c.StandardService - [log,173] - Starting service [Tomcat]
14:15:27.923 [restartedMain] INFO  o.a.c.c.StandardEngine - [log,173] - Starting Servlet engine: [Apache Tomcat/9.0.39]
14:15:27.932 [restartedMain] INFO  o.a.c.c.C.[.[.[/] - [log,173] - Initializing Spring embedded WebApplicationContext
14:15:29.049 [restartedMain] INFO  c.a.d.p.DruidDataSource - [init,985] - {dataSource-8} inited
14:15:30.130 [restartedMain] INFO  s.d.s.w.PropertySourcedRequestMappingHandlerMapping - [initHandlerMethods,69] - Mapped URL path [/v2/api-docs] onto method [public org.springframework.http.ResponseEntity<springfox.documentation.spring.web.json.Json> springfox.documentation.swagger2.web.Swagger2Controller.getDocumentation(java.lang.String,javax.servlet.http.HttpServletRequest)]
14:15:31.479 [restartedMain] INFO  s.d.s.w.p.DocumentationPluginsBootstrapper - [start,160] - Context refreshed
14:15:31.481 [restartedMain] INFO  s.d.s.w.p.DocumentationPluginsBootstrapper - [start,163] - Found 1 custom documentation plugin(s)
14:15:31.497 [restartedMain] INFO  s.d.s.w.s.ApiListingReferenceScanner - [scan,41] - Scanning for api listing references
14:15:31.538 [restartedMain] INFO  c.r.RuoYiApplication - [logStarted,59] - Started RuoYiApplication in 5.004 seconds (JVM running for 13366.608)
14:16:01.697 [Thread-32] INFO  c.r.c.u.ConcurrentHashMapCacheUtils - [deleteTimeOut,139] - delete time out run!
14:16:01.706 [Thread-32] INFO  c.r.c.u.ConcurrentHashMapCacheUtils - [deleteTimeOut,149] - delete cache count is :0
14:16:15.697 [Thread-45] INFO  c.r.c.u.ConcurrentHashMapCacheUtils - [deleteTimeOut,139] - delete time out run!
14:16:15.698 [Thread-45] INFO  c.r.c.u.ConcurrentHashMapCacheUtils - [deleteTimeOut,149] - delete cache count is :0
14:17:01.711 [Thread-32] INFO  c.r.c.u.ConcurrentHashMapCacheUtils - [deleteTimeOut,139] - delete time out run!
14:17:01.712 [Thread-32] INFO  c.r.c.u.ConcurrentHashMapCacheUtils - [deleteTimeOut,149] - delete cache count is :0
14:17:15.702 [Thread-45] INFO  c.r.c.u.ConcurrentHashMapCacheUtils - [deleteTimeOut,139] - delete time out run!
14:17:15.702 [Thread-45] INFO  c.r.c.u.ConcurrentHashMapCacheUtils - [deleteTimeOut,149] - delete cache count is :0
14:18:01.714 [Thread-32] INFO  c.r.c.u.ConcurrentHashMapCacheUtils - [deleteTimeOut,139] - delete time out run!
14:18:01.715 [Thread-32] INFO  c.r.c.u.ConcurrentHashMapCacheUtils - [deleteTimeOut,149] - delete cache count is :0
14:18:15.707 [Thread-45] INFO  c.r.c.u.ConcurrentHashMapCacheUtils - [deleteTimeOut,139] - delete time out run!
14:18:15.707 [Thread-45] INFO  c.r.c.u.ConcurrentHashMapCacheUtils - [deleteTimeOut,149] - delete cache count is :0
14:19:01.717 [Thread-32] INFO  c.r.c.u.ConcurrentHashMapCacheUtils - [deleteTimeOut,139] - delete time out run!
14:19:01.717 [Thread-32] INFO  c.r.c.u.ConcurrentHashMapCacheUtils - [deleteTimeOut,149] - delete cache count is :0
14:19:15.713 [Thread-45] INFO  c.r.c.u.ConcurrentHashMapCacheUtils - [deleteTimeOut,139] - delete time out run!
14:19:15.713 [Thread-45] INFO  c.r.c.u.ConcurrentHashMapCacheUtils - [deleteTimeOut,149] - delete cache count is :0
14:20:01.722 [Thread-32] INFO  c.r.c.u.ConcurrentHashMapCacheUtils - [deleteTimeOut,139] - delete time out run!
14:20:01.723 [Thread-32] INFO  c.r.c.u.ConcurrentHashMapCacheUtils - [deleteTimeOut,149] - delete cache count is :0
14:20:15.716 [Thread-45] INFO  c.r.c.u.ConcurrentHashMapCacheUtils - [deleteTimeOut,139] - delete time out run!
14:20:15.716 [Thread-45] INFO  c.r.c.u.ConcurrentHashMapCacheUtils - [deleteTimeOut,149] - delete cache count is :0
14:21:01.725 [Thread-32] INFO  c.r.c.u.ConcurrentHashMapCacheUtils - [deleteTimeOut,139] - delete time out run!
14:21:01.726 [Thread-32] INFO  c.r.c.u.ConcurrentHashMapCacheUtils - [deleteTimeOut,149] - delete cache count is :0
14:21:15.719 [Thread-45] INFO  c.r.c.u.ConcurrentHashMapCacheUtils - [deleteTimeOut,139] - delete time out run!
14:21:15.720 [Thread-45] INFO  c.r.c.u.ConcurrentHashMapCacheUtils - [deleteTimeOut,149] - delete cache count is :0
14:22:01.727 [Thread-32] INFO  c.r.c.u.ConcurrentHashMapCacheUtils - [deleteTimeOut,139] - delete time out run!
14:22:01.728 [Thread-32] INFO  c.r.c.u.ConcurrentHashMapCacheUtils - [deleteTimeOut,149] - delete cache count is :0
14:22:15.722 [Thread-45] INFO  c.r.c.u.ConcurrentHashMapCacheUtils - [deleteTimeOut,139] - delete time out run!
14:22:15.723 [Thread-45] INFO  c.r.c.u.ConcurrentHashMapCacheUtils - [deleteTimeOut,149] - delete cache count is :0
14:23:01.733 [Thread-32] INFO  c.r.c.u.ConcurrentHashMapCacheUtils - [deleteTimeOut,139] - delete time out run!
14:23:01.733 [Thread-32] INFO  c.r.c.u.ConcurrentHashMapCacheUtils - [deleteTimeOut,149] - delete cache count is :0
14:23:15.728 [Thread-45] INFO  c.r.c.u.ConcurrentHashMapCacheUtils - [deleteTimeOut,139] - delete time out run!
14:23:15.728 [Thread-45] INFO  c.r.c.u.ConcurrentHashMapCacheUtils - [deleteTimeOut,149] - delete cache count is :0
14:24:01.733 [Thread-32] INFO  c.r.c.u.ConcurrentHashMapCacheUtils - [deleteTimeOut,139] - delete time out run!
14:24:01.733 [Thread-32] INFO  c.r.c.u.ConcurrentHashMapCacheUtils - [deleteTimeOut,149] - delete cache count is :0
14:24:15.731 [Thread-45] INFO  c.r.c.u.ConcurrentHashMapCacheUtils - [deleteTimeOut,139] - delete time out run!
14:24:15.731 [Thread-45] INFO  c.r.c.u.ConcurrentHashMapCacheUtils - [deleteTimeOut,149] - delete cache count is :0
14:25:01.734 [Thread-32] INFO  c.r.c.u.ConcurrentHashMapCacheUtils - [deleteTimeOut,139] - delete time out run!
14:25:01.734 [Thread-32] INFO  c.r.c.u.ConcurrentHashMapCacheUtils - [deleteTimeOut,149] - delete cache count is :0
14:25:15.735 [Thread-45] INFO  c.r.c.u.ConcurrentHashMapCacheUtils - [deleteTimeOut,139] - delete time out run!
14:25:15.736 [Thread-45] INFO  c.r.c.u.ConcurrentHashMapCacheUtils - [deleteTimeOut,149] - delete cache count is :0
14:26:01.738 [Thread-32] INFO  c.r.c.u.ConcurrentHashMapCacheUtils - [deleteTimeOut,139] - delete time out run!
14:26:01.740 [Thread-32] INFO  c.r.c.u.ConcurrentHashMapCacheUtils - [deleteTimeOut,149] - delete cache count is :0
14:26:15.738 [Thread-45] INFO  c.r.c.u.ConcurrentHashMapCacheUtils - [deleteTimeOut,139] - delete time out run!
14:26:15.746 [Thread-45] INFO  c.r.c.u.ConcurrentHashMapCacheUtils - [deleteTimeOut,149] - delete cache count is :0
14:27:01.744 [Thread-32] INFO  c.r.c.u.ConcurrentHashMapCacheUtils - [deleteTimeOut,139] - delete time out run!
14:27:01.745 [Thread-32] INFO  c.r.c.u.ConcurrentHashMapCacheUtils - [deleteTimeOut,149] - delete cache count is :0
14:27:15.753 [Thread-45] INFO  c.r.c.u.ConcurrentHashMapCacheUtils - [deleteTimeOut,139] - delete time out run!
14:27:15.754 [Thread-45] INFO  c.r.c.u.ConcurrentHashMapCacheUtils - [deleteTimeOut,149] - delete cache count is :0
14:28:01.747 [Thread-32] INFO  c.r.c.u.ConcurrentHashMapCacheUtils - [deleteTimeOut,139] - delete time out run!
14:28:01.747 [Thread-32] INFO  c.r.c.u.ConcurrentHashMapCacheUtils - [deleteTimeOut,149] - delete cache count is :0
14:28:04.115 [Thread-109] INFO  sys-user - [shutdownAsyncManager,31] - ====关闭后台任务任务线程池====
14:28:04.125 [Thread-109] INFO  c.a.d.p.DruidDataSource - [close,2032] - {dataSource-8} closing ...
14:28:04.148 [Thread-109] INFO  c.a.d.p.DruidDataSource - [close,2104] - {dataSource-8} closed
14:28:06.714 [restartedMain] INFO  c.r.RuoYiApplication - [logStarting,50] - Starting RuoYiApplication on chenyadeMacBook-Pro.local with PID 17101 (/Users/macbookpro/soft/实习/recording_back/ruoyi-admin/target/classes started by macbookpro in /Users/macbookpro/soft/实习/recording_back)
14:28:06.715 [restartedMain] INFO  c.r.RuoYiApplication - [logStartupProfileInfo,652] - The following profiles are active: druid
14:28:07.389 [restartedMain] INFO  o.a.c.c.StandardService - [log,173] - Starting service [Tomcat]
14:28:07.389 [restartedMain] INFO  o.a.c.c.StandardEngine - [log,173] - Starting Servlet engine: [Apache Tomcat/9.0.39]
14:28:07.401 [restartedMain] INFO  o.a.c.c.C.[.[.[/] - [log,173] - Initializing Spring embedded WebApplicationContext
14:28:07.648 [restartedMain] INFO  c.a.d.s.b.a.DruidDataSourceAutoConfigure - [dataSource,56] - Init DruidDataSource
14:28:07.694 [restartedMain] INFO  o.a.c.c.StandardService - [log,173] - Stopping service [Tomcat]
14:28:09.672 [restartedMain] INFO  c.r.RuoYiApplication - [logStarting,50] - Starting RuoYiApplication on chenyadeMacBook-Pro.local with PID 17101 (/Users/macbookpro/soft/实习/recording_back/ruoyi-admin/target/classes started by macbookpro in /Users/macbookpro/soft/实习/recording_back)
14:28:09.672 [restartedMain] INFO  c.r.RuoYiApplication - [logStartupProfileInfo,652] - The following profiles are active: druid
14:28:10.883 [restartedMain] INFO  o.a.c.c.StandardService - [log,173] - Starting service [Tomcat]
14:28:10.883 [restartedMain] INFO  o.a.c.c.StandardEngine - [log,173] - Starting Servlet engine: [Apache Tomcat/9.0.39]
14:28:10.893 [restartedMain] INFO  o.a.c.c.C.[.[.[/] - [log,173] - Initializing Spring embedded WebApplicationContext
14:28:11.849 [restartedMain] INFO  c.a.d.p.DruidDataSource - [init,985] - {dataSource-9} inited
14:28:12.545 [restartedMain] INFO  s.d.s.w.PropertySourcedRequestMappingHandlerMapping - [initHandlerMethods,69] - Mapped URL path [/v2/api-docs] onto method [public org.springframework.http.ResponseEntity<springfox.documentation.spring.web.json.Json> springfox.documentation.swagger2.web.Swagger2Controller.getDocumentation(java.lang.String,javax.servlet.http.HttpServletRequest)]
14:28:13.134 [restartedMain] INFO  s.d.s.w.p.DocumentationPluginsBootstrapper - [start,160] - Context refreshed
14:28:13.135 [restartedMain] INFO  s.d.s.w.p.DocumentationPluginsBootstrapper - [start,163] - Found 1 custom documentation plugin(s)
14:28:13.151 [restartedMain] INFO  s.d.s.w.s.ApiListingReferenceScanner - [scan,41] - Scanning for api listing references
14:28:13.177 [restartedMain] INFO  c.r.RuoYiApplication - [logStarted,59] - Started RuoYiApplication in 3.567 seconds (JVM running for 14128.246)
14:28:15.757 [Thread-45] INFO  c.r.c.u.ConcurrentHashMapCacheUtils - [deleteTimeOut,139] - delete time out run!
14:28:15.759 [Thread-45] INFO  c.r.c.u.ConcurrentHashMapCacheUtils - [deleteTimeOut,149] - delete cache count is :0
14:29:01.751 [Thread-32] INFO  c.r.c.u.ConcurrentHashMapCacheUtils - [deleteTimeOut,139] - delete time out run!
14:29:01.751 [Thread-32] INFO  c.r.c.u.ConcurrentHashMapCacheUtils - [deleteTimeOut,149] - delete cache count is :0
14:29:15.764 [Thread-45] INFO  c.r.c.u.ConcurrentHashMapCacheUtils - [deleteTimeOut,139] - delete time out run!
14:29:15.764 [Thread-45] INFO  c.r.c.u.ConcurrentHashMapCacheUtils - [deleteTimeOut,149] - delete cache count is :0
14:30:01.755 [Thread-32] INFO  c.r.c.u.ConcurrentHashMapCacheUtils - [deleteTimeOut,139] - delete time out run!
14:30:01.755 [Thread-32] INFO  c.r.c.u.ConcurrentHashMapCacheUtils - [deleteTimeOut,149] - delete cache count is :0
14:30:15.768 [Thread-45] INFO  c.r.c.u.ConcurrentHashMapCacheUtils - [deleteTimeOut,139] - delete time out run!
14:30:15.768 [Thread-45] INFO  c.r.c.u.ConcurrentHashMapCacheUtils - [deleteTimeOut,149] - delete cache count is :0
14:31:01.760 [Thread-32] INFO  c.r.c.u.ConcurrentHashMapCacheUtils - [deleteTimeOut,139] - delete time out run!
14:31:01.760 [Thread-32] INFO  c.r.c.u.ConcurrentHashMapCacheUtils - [deleteTimeOut,149] - delete cache count is :0
14:31:15.771 [Thread-45] INFO  c.r.c.u.ConcurrentHashMapCacheUtils - [deleteTimeOut,139] - delete time out run!
14:31:15.777 [Thread-45] INFO  c.r.c.u.ConcurrentHashMapCacheUtils - [deleteTimeOut,149] - delete cache count is :0
14:32:01.764 [Thread-32] INFO  c.r.c.u.ConcurrentHashMapCacheUtils - [deleteTimeOut,139] - delete time out run!
14:32:01.764 [Thread-32] INFO  c.r.c.u.ConcurrentHashMapCacheUtils - [deleteTimeOut,149] - delete cache count is :0
14:32:15.781 [Thread-45] INFO  c.r.c.u.ConcurrentHashMapCacheUtils - [deleteTimeOut,139] - delete time out run!
14:32:15.781 [Thread-45] INFO  c.r.c.u.ConcurrentHashMapCacheUtils - [deleteTimeOut,149] - delete cache count is :0
14:33:01.769 [Thread-32] INFO  c.r.c.u.ConcurrentHashMapCacheUtils - [deleteTimeOut,139] - delete time out run!
14:33:01.769 [Thread-32] INFO  c.r.c.u.ConcurrentHashMapCacheUtils - [deleteTimeOut,149] - delete cache count is :0
14:33:15.785 [Thread-45] INFO  c.r.c.u.ConcurrentHashMapCacheUtils - [deleteTimeOut,139] - delete time out run!
14:33:15.785 [Thread-45] INFO  c.r.c.u.ConcurrentHashMapCacheUtils - [deleteTimeOut,149] - delete cache count is :0
14:34:01.772 [Thread-32] INFO  c.r.c.u.ConcurrentHashMapCacheUtils - [deleteTimeOut,139] - delete time out run!
14:34:01.772 [Thread-32] INFO  c.r.c.u.ConcurrentHashMapCacheUtils - [deleteTimeOut,149] - delete cache count is :0
14:34:15.788 [Thread-45] INFO  c.r.c.u.ConcurrentHashMapCacheUtils - [deleteTimeOut,139] - delete time out run!
14:34:15.789 [Thread-45] INFO  c.r.c.u.ConcurrentHashMapCacheUtils - [deleteTimeOut,149] - delete cache count is :0
14:35:01.776 [Thread-32] INFO  c.r.c.u.ConcurrentHashMapCacheUtils - [deleteTimeOut,139] - delete time out run!
14:35:01.776 [Thread-32] INFO  c.r.c.u.ConcurrentHashMapCacheUtils - [deleteTimeOut,149] - delete cache count is :0
14:35:15.793 [Thread-45] INFO  c.r.c.u.ConcurrentHashMapCacheUtils - [deleteTimeOut,139] - delete time out run!
14:35:15.793 [Thread-45] INFO  c.r.c.u.ConcurrentHashMapCacheUtils - [deleteTimeOut,149] - delete cache count is :0
14:36:01.780 [Thread-32] INFO  c.r.c.u.ConcurrentHashMapCacheUtils - [deleteTimeOut,139] - delete time out run!
14:36:01.780 [Thread-32] INFO  c.r.c.u.ConcurrentHashMapCacheUtils - [deleteTimeOut,149] - delete cache count is :0
14:36:15.798 [Thread-45] INFO  c.r.c.u.ConcurrentHashMapCacheUtils - [deleteTimeOut,139] - delete time out run!
14:36:15.800 [Thread-45] INFO  c.r.c.u.ConcurrentHashMapCacheUtils - [deleteTimeOut,149] - delete cache count is :0
14:37:01.780 [Thread-32] INFO  c.r.c.u.ConcurrentHashMapCacheUtils - [deleteTimeOut,139] - delete time out run!
14:37:01.781 [Thread-32] INFO  c.r.c.u.ConcurrentHashMapCacheUtils - [deleteTimeOut,149] - delete cache count is :0
14:37:15.803 [Thread-45] INFO  c.r.c.u.ConcurrentHashMapCacheUtils - [deleteTimeOut,139] - delete time out run!
14:37:15.804 [Thread-45] INFO  c.r.c.u.ConcurrentHashMapCacheUtils - [deleteTimeOut,149] - delete cache count is :0
14:38:01.785 [Thread-32] INFO  c.r.c.u.ConcurrentHashMapCacheUtils - [deleteTimeOut,139] - delete time out run!
14:38:01.787 [Thread-32] INFO  c.r.c.u.ConcurrentHashMapCacheUtils - [deleteTimeOut,149] - delete cache count is :0
14:38:15.808 [Thread-45] INFO  c.r.c.u.ConcurrentHashMapCacheUtils - [deleteTimeOut,139] - delete time out run!
14:38:15.809 [Thread-45] INFO  c.r.c.u.ConcurrentHashMapCacheUtils - [deleteTimeOut,149] - delete cache count is :0
14:39:01.789 [Thread-32] INFO  c.r.c.u.ConcurrentHashMapCacheUtils - [deleteTimeOut,139] - delete time out run!
14:39:01.790 [Thread-32] INFO  c.r.c.u.ConcurrentHashMapCacheUtils - [deleteTimeOut,149] - delete cache count is :0
14:39:15.812 [Thread-45] INFO  c.r.c.u.ConcurrentHashMapCacheUtils - [deleteTimeOut,139] - delete time out run!
14:39:15.813 [Thread-45] INFO  c.r.c.u.ConcurrentHashMapCacheUtils - [deleteTimeOut,149] - delete cache count is :0
14:40:01.795 [Thread-32] INFO  c.r.c.u.ConcurrentHashMapCacheUtils - [deleteTimeOut,139] - delete time out run!
14:40:01.796 [Thread-32] INFO  c.r.c.u.ConcurrentHashMapCacheUtils - [deleteTimeOut,149] - delete cache count is :0
14:40:15.817 [Thread-45] INFO  c.r.c.u.ConcurrentHashMapCacheUtils - [deleteTimeOut,139] - delete time out run!
14:40:15.817 [Thread-45] INFO  c.r.c.u.ConcurrentHashMapCacheUtils - [deleteTimeOut,149] - delete cache count is :0
14:41:01.801 [Thread-32] INFO  c.r.c.u.ConcurrentHashMapCacheUtils - [deleteTimeOut,139] - delete time out run!
14:41:01.801 [Thread-32] INFO  c.r.c.u.ConcurrentHashMapCacheUtils - [deleteTimeOut,149] - delete cache count is :0
14:41:15.821 [Thread-45] INFO  c.r.c.u.ConcurrentHashMapCacheUtils - [deleteTimeOut,139] - delete time out run!
14:41:15.821 [Thread-45] INFO  c.r.c.u.ConcurrentHashMapCacheUtils - [deleteTimeOut,149] - delete cache count is :0
14:42:01.804 [Thread-32] INFO  c.r.c.u.ConcurrentHashMapCacheUtils - [deleteTimeOut,139] - delete time out run!
14:42:01.804 [Thread-32] INFO  c.r.c.u.ConcurrentHashMapCacheUtils - [deleteTimeOut,149] - delete cache count is :0
14:42:15.826 [Thread-45] INFO  c.r.c.u.ConcurrentHashMapCacheUtils - [deleteTimeOut,139] - delete time out run!
14:42:15.826 [Thread-45] INFO  c.r.c.u.ConcurrentHashMapCacheUtils - [deleteTimeOut,149] - delete cache count is :0
14:43:01.807 [Thread-32] INFO  c.r.c.u.ConcurrentHashMapCacheUtils - [deleteTimeOut,139] - delete time out run!
14:43:01.808 [Thread-32] INFO  c.r.c.u.ConcurrentHashMapCacheUtils - [deleteTimeOut,149] - delete cache count is :0
14:43:15.830 [Thread-45] INFO  c.r.c.u.ConcurrentHashMapCacheUtils - [deleteTimeOut,139] - delete time out run!
14:43:15.830 [Thread-45] INFO  c.r.c.u.ConcurrentHashMapCacheUtils - [deleteTimeOut,149] - delete cache count is :0
14:44:01.810 [Thread-32] INFO  c.r.c.u.ConcurrentHashMapCacheUtils - [deleteTimeOut,139] - delete time out run!
14:44:01.810 [Thread-32] INFO  c.r.c.u.ConcurrentHashMapCacheUtils - [deleteTimeOut,149] - delete cache count is :0
14:44:15.835 [Thread-45] INFO  c.r.c.u.ConcurrentHashMapCacheUtils - [deleteTimeOut,139] - delete time out run!
14:44:15.835 [Thread-45] INFO  c.r.c.u.ConcurrentHashMapCacheUtils - [deleteTimeOut,149] - delete cache count is :0
14:45:01.814 [Thread-32] INFO  c.r.c.u.ConcurrentHashMapCacheUtils - [deleteTimeOut,139] - delete time out run!
14:45:01.815 [Thread-32] INFO  c.r.c.u.ConcurrentHashMapCacheUtils - [deleteTimeOut,149] - delete cache count is :0
14:45:15.839 [Thread-45] INFO  c.r.c.u.ConcurrentHashMapCacheUtils - [deleteTimeOut,139] - delete time out run!
14:45:15.856 [Thread-45] INFO  c.r.c.u.ConcurrentHashMapCacheUtils - [deleteTimeOut,149] - delete cache count is :0
14:45:30.276 [Thread-129] INFO  sys-user - [shutdownAsyncManager,31] - ====关闭后台任务任务线程池====
14:45:30.288 [Thread-129] INFO  c.a.d.p.DruidDataSource - [close,2032] - {dataSource-9} closing ...
14:45:30.290 [Thread-129] INFO  c.a.d.p.DruidDataSource - [close,2104] - {dataSource-9} closed
